2022-11-14 05:00:01,693 INFO [Heartbeat Monitor Thread-1] o.a.n.c.c.h.AbstractHeartbeatMonitor Finished processing 1 heartbeats in 2300 nanos
2022-11-14 05:00:03,615 INFO [Process Cluster Protocol Request-9] o.a.n.c.p.impl.SocketProtocolListener Finished processing request e1570f5d-8a73-4d68-829c-a5dfcf74de2d (type=HEARTBEAT, length=3071 bytes) from mynifi:8080 in 3 millis
2022-11-14 05:00:03,618 INFO [Clustering Tasks Thread-2] o.a.n.c.c.ClusterProtocolHeartbeater Heartbeat created at 2022-11-14 05:00:03,606 and sent to mynifi:8082 at 2022-11-14 05:00:03,618; send took 12 millis
2022-11-14 05:00:06,712 INFO [Heartbeat Monitor Thread-1] o.a.n.c.c.h.AbstractHeartbeatMonitor Finished processing 1 heartbeats in 6000 nanos
2022-11-14 05:00:08,630 INFO [Process Cluster Protocol Request-10] o.a.n.c.p.impl.SocketProtocolListener Finished processing request 6fd5a794-5f20-4a4e-8515-64034b74a2b1 (type=HEARTBEAT, length=3071 bytes) from mynifi:8080 in 2 millis
2022-11-14 05:00:08,632 INFO [Clustering Tasks Thread-2] o.a.n.c.c.ClusterProtocolHeartbeater Heartbeat created at 2022-11-14 05:00:08,621 and sent to mynifi:8082 at 2022-11-14 05:00:08,632; send took 10 millis
2022-11-14 05:00:10,493 INFO [Cleanup Archive for default] o.a.n.c.repository.FileSystemRepository Successfully deleted 0 files (0 bytes) from archive
2022-11-14 05:00:11,705 INFO [pool-13-thread-1] o.a.n.c.r.WriteAheadFlowFileRepository Initiating checkpoint of FlowFile Repository
2022-11-14 05:00:11,706 INFO [pool-13-thread-1] o.a.n.c.r.WriteAheadFlowFileRepository Successfully checkpointed FlowFile Repository with 0 records in 0 milliseconds
2022-11-14 05:00:11,719 INFO [Heartbeat Monitor Thread-1] o.a.n.c.c.h.AbstractHeartbeatMonitor Finished processing 1 heartbeats in 3300 nanos
2022-11-14 05:00:13,671 INFO [Process Cluster Protocol Request-7] o.a.n.c.p.impl.SocketProtocolListener Finished processing request 712133c0-48ad-405d-94d8-56a00c732680 (type=HEARTBEAT, length=3071 bytes) from mynifi:8080 in 31 millis
2022-11-14 05:00:13,681 INFO [Clustering Tasks Thread-2] o.a.n.c.c.ClusterProtocolHeartbeater Heartbeat created at 2022-11-14 05:00:13,634 and sent to mynifi:8082 at 2022-11-14 05:00:13,681; send took 46 millis
2022-11-14 05:00:16,720 INFO [Heartbeat Monitor Thread-1] o.a.n.c.c.h.AbstractHeartbeatMonitor Finished processing 1 heartbeats in 4300 nanos
2022-11-14 05:00:18,685 INFO [Process Cluster Protocol Request-1] o.a.n.c.p.impl.SocketProtocolListener Finished processing request 1e11fbf8-a710-4034-bff5-f55b929d37d8 (type=HEARTBEAT, length=3071 bytes) from mynifi:8080 in 1 millis
2022-11-14 05:00:18,686 INFO [Clustering Tasks Thread-2] o.a.n.c.c.ClusterProtocolHeartbeater Heartbeat created at 2022-11-14 05:00:18,681 and sent to mynifi:8082 at 2022-11-14 05:00:18,686; send took 4 millis
2022-11-14 05:00:21,722 INFO [Heartbeat Monitor Thread-1] o.a.n.c.c.h.AbstractHeartbeatMonitor Finished processing 1 heartbeats in 2400 nanos
2022-11-14 05:00:23,690 INFO [Process Cluster Protocol Request-2] o.a.n.c.p.impl.SocketProtocolListener Finished processing request 7d0a8714-631a-4861-afcb-bfee34cf8599 (type=HEARTBEAT, length=3071 bytes) from mynifi:8080 in 1 millis
2022-11-14 05:00:23,691 INFO [Clustering Tasks Thread-2] o.a.n.c.c.ClusterProtocolHeartbeater Heartbeat created at 2022-11-14 05:00:23,687 and sent to mynifi:8082 at 2022-11-14 05:00:23,691; send took 4 millis
2022-11-14 05:00:26,723 INFO [Heartbeat Monitor Thread-1] o.a.n.c.c.h.AbstractHeartbeatMonitor Finished processing 1 heartbeats in 6300 nanos
2022-11-14 05:00:28,696 INFO [Process Cluster Protocol Request-3] o.a.n.c.p.impl.SocketProtocolListener Finished processing request 1c6d7eff-9fa3-466e-850a-6d4337e54d97 (type=HEARTBEAT, length=3071 bytes) from mynifi:8080 in 1 millis
2022-11-14 05:00:28,696 INFO [Clustering Tasks Thread-2] o.a.n.c.c.ClusterProtocolHeartbeater Heartbeat created at 2022-11-14 05:00:28,692 and sent to mynifi:8082 at 2022-11-14 05:00:28,696; send took 4 millis
2022-11-14 05:00:31,707 INFO [pool-13-thread-1] o.a.n.c.r.WriteAheadFlowFileRepository Initiating checkpoint of FlowFile Repository
2022-11-14 05:00:31,708 INFO [pool-13-thread-1] o.a.n.c.r.WriteAheadFlowFileRepository Successfully checkpointed FlowFile Repository with 0 records in 0 milliseconds
2022-11-14 05:00:31,726 INFO [Heartbeat Monitor Thread-1] o.a.n.c.c.h.AbstractHeartbeatMonitor Finished processing 1 heartbeats in 2900 nanos
2022-11-14 05:00:33,706 INFO [Process Cluster Protocol Request-4] o.a.n.c.p.impl.SocketProtocolListener Finished processing request 689622c8-d9fb-4edc-86ac-c704fd90cde3 (type=HEARTBEAT, length=3071 bytes) from mynifi:8080 in 2 millis
2022-11-14 05:00:33,707 INFO [Clustering Tasks Thread-2] o.a.n.c.c.ClusterProtocolHeartbeater Heartbeat created at 2022-11-14 05:00:33,698 and sent to mynifi:8082 at 2022-11-14 05:00:33,707; send took 9 millis
2022-11-14 05:00:36,727 INFO [Heartbeat Monitor Thread-1] o.a.n.c.c.h.AbstractHeartbeatMonitor Finished processing 1 heartbeats in 2500 nanos
2022-11-14 05:00:38,717 INFO [Process Cluster Protocol Request-5] o.a.n.c.p.impl.SocketProtocolListener Finished processing request 425b8ff0-7872-47c6-a04d-bd53191eaf0e (type=HEARTBEAT, length=3071 bytes) from mynifi:8080 in 2 millis
2022-11-14 05:00:38,721 INFO [Clustering Tasks Thread-2] o.a.n.c.c.ClusterProtocolHeartbeater Heartbeat created at 2022-11-14 05:00:38,709 and sent to mynifi:8082 at 2022-11-14 05:00:38,721; send took 12 millis
2022-11-14 05:00:41,728 INFO [Heartbeat Monitor Thread-1] o.a.n.c.c.h.AbstractHeartbeatMonitor Finished processing 1 heartbeats in 2600 nanos
2022-11-14 05:00:43,729 INFO [Process Cluster Protocol Request-6] o.a.n.c.p.impl.SocketProtocolListener Finished processing request db3e4ec5-df2a-4a5e-97dc-cee3f33cb041 (type=HEARTBEAT, length=3071 bytes) from mynifi:8080 in 1 millis
2022-11-14 05:00:43,733 INFO [Clustering Tasks Thread-2] o.a.n.c.c.ClusterProtocolHeartbeater Heartbeat created at 2022-11-14 05:00:43,723 and sent to mynifi:8082 at 2022-11-14 05:00:43,733; send took 9 millis
2022-11-14 05:00:46,729 INFO [Heartbeat Monitor Thread-1] o.a.n.c.c.h.AbstractHeartbeatMonitor Finished processing 1 heartbeats in 3100 nanos
2022-11-14 05:00:48,738 INFO [Process Cluster Protocol Request-8] o.a.n.c.p.impl.SocketProtocolListener Finished processing request ec5d6467-1548-4c38-80a8-9d99ae9e2321 (type=HEARTBEAT, length=3071 bytes) from mynifi:8080 in 1 millis
2022-11-14 05:00:48,738 INFO [Clustering Tasks Thread-2] o.a.n.c.c.ClusterProtocolHeartbeater Heartbeat created at 2022-11-14 05:00:48,734 and sent to mynifi:8082 at 2022-11-14 05:00:48,738; send took 4 millis
2022-11-14 05:00:51,709 INFO [pool-13-thread-1] o.a.n.c.r.WriteAheadFlowFileRepository Initiating checkpoint of FlowFile Repository
2022-11-14 05:00:51,710 INFO [pool-13-thread-1] o.a.n.c.r.WriteAheadFlowFileRepository Successfully checkpointed FlowFile Repository with 0 records in 0 milliseconds
2022-11-14 05:00:51,731 INFO [Heartbeat Monitor Thread-1] o.a.n.c.c.h.AbstractHeartbeatMonitor Finished processing 1 heartbeats in 2500 nanos
2022-11-14 05:00:53,743 INFO [Process Cluster Protocol Request-9] o.a.n.c.p.impl.SocketProtocolListener Finished processing request 1c981b40-3d23-4011-a9c5-f58c623c2053 (type=HEARTBEAT, length=3071 bytes) from mynifi:8080 in 1 millis
2022-11-14 05:00:53,744 INFO [Clustering Tasks Thread-2] o.a.n.c.c.ClusterProtocolHeartbeater Heartbeat created at 2022-11-14 05:00:53,739 and sent to mynifi:8082 at 2022-11-14 05:00:53,744; send took 4 millis
2022-11-14 05:00:56,732 INFO [Heartbeat Monitor Thread-1] o.a.n.c.c.h.AbstractHeartbeatMonitor Finished processing 1 heartbeats in 3200 nanos
2022-11-14 05:00:58,751 INFO [Process Cluster Protocol Request-10] o.a.n.c.p.impl.SocketProtocolListener Finished processing request ba2b9a99-9d48-4d10-9570-e753d9f9074e (type=HEARTBEAT, length=3071 bytes) from mynifi:8080 in 2 millis
2022-11-14 05:00:58,754 INFO [Clustering Tasks Thread-2] o.a.n.c.c.ClusterProtocolHeartbeater Heartbeat created at 2022-11-14 05:00:58,745 and sent to mynifi:8082 at 2022-11-14 05:00:58,754; send took 9 millis
2022-11-14 05:01:01,733 INFO [Heartbeat Monitor Thread-1] o.a.n.c.c.h.AbstractHeartbeatMonitor Finished processing 1 heartbeats in 2500 nanos
2022-11-14 05:01:03,760 INFO [Process Cluster Protocol Request-7] o.a.n.c.p.impl.SocketProtocolListener Finished processing request 8513065d-1ede-48d2-82b2-41707585d426 (type=HEARTBEAT, length=3071 bytes) from mynifi:8080 in 1 millis
2022-11-14 05:01:03,761 INFO [Clustering Tasks Thread-2] o.a.n.c.c.ClusterProtocolHeartbeater Heartbeat created at 2022-11-14 05:01:03,757 and sent to mynifi:8082 at 2022-11-14 05:01:03,761; send took 4 millis
2022-11-14 05:01:06,735 INFO [Heartbeat Monitor Thread-1] o.a.n.c.c.h.AbstractHeartbeatMonitor Finished processing 1 heartbeats in 5300 nanos
2022-11-14 05:01:08,765 INFO [Process Cluster Protocol Request-1] o.a.n.c.p.impl.SocketProtocolListener Finished processing request e2f404d6-3f0e-4348-95eb-f9d811a32223 (type=HEARTBEAT, length=3071 bytes) from mynifi:8080 in 1 millis
2022-11-14 05:01:08,767 INFO [Clustering Tasks Thread-2] o.a.n.c.c.ClusterProtocolHeartbeater Heartbeat created at 2022-11-14 05:01:08,762 and sent to mynifi:8082 at 2022-11-14 05:01:08,767; send took 4 millis
2022-11-14 05:01:11,447 INFO [Cleanup Archive for default] o.a.n.c.repository.FileSystemRepository Successfully deleted 0 files (0 bytes) from archive
2022-11-14 05:01:11,712 INFO [pool-13-thread-1] o.a.n.c.r.WriteAheadFlowFileRepository Initiating checkpoint of FlowFile Repository
2022-11-14 05:01:11,712 INFO [pool-13-thread-1] o.a.n.c.r.WriteAheadFlowFileRepository Successfully checkpointed FlowFile Repository with 0 records in 0 milliseconds
2022-11-14 05:01:11,737 INFO [Heartbeat Monitor Thread-1] o.a.n.c.c.h.AbstractHeartbeatMonitor Finished processing 1 heartbeats in 2100 nanos
2022-11-14 05:01:13,770 INFO [Process Cluster Protocol Request-2] o.a.n.c.p.impl.SocketProtocolListener Finished processing request 069c7896-f06e-4592-a29b-7231fc31c065 (type=HEARTBEAT, length=3071 bytes) from mynifi:8080 in 939400 nanos
2022-11-14 05:01:13,771 INFO [Clustering Tasks Thread-2] o.a.n.c.c.ClusterProtocolHeartbeater Heartbeat created at 2022-11-14 05:01:13,767 and sent to mynifi:8082 at 2022-11-14 05:01:13,771; send took 3 millis
2022-11-14 05:01:16,738 INFO [Heartbeat Monitor Thread-1] o.a.n.c.c.h.AbstractHeartbeatMonitor Finished processing 1 heartbeats in 2500 nanos
2022-11-14 05:01:18,780 INFO [Process Cluster Protocol Request-3] o.a.n.c.p.impl.SocketProtocolListener Finished processing request b4e97f4c-eb2d-4a07-8375-38f78b86345f (type=HEARTBEAT, length=3071 bytes) from mynifi:8080 in 2 millis
2022-11-14 05:01:18,781 INFO [Clustering Tasks Thread-2] o.a.n.c.c.ClusterProtocolHeartbeater Heartbeat created at 2022-11-14 05:01:18,773 and sent to mynifi:8082 at 2022-11-14 05:01:18,781; send took 7 millis
2022-11-14 05:01:21,740 INFO [Heartbeat Monitor Thread-1] o.a.n.c.c.h.AbstractHeartbeatMonitor Finished processing 1 heartbeats in 2900 nanos
2022-11-14 05:01:23,785 INFO [Process Cluster Protocol Request-4] o.a.n.c.p.impl.SocketProtocolListener Finished processing request 52d5c553-cf7e-400d-9138-f1a828567b65 (type=HEARTBEAT, length=3071 bytes) from mynifi:8080 in 1 millis
2022-11-14 05:01:23,786 INFO [Clustering Tasks Thread-2] o.a.n.c.c.ClusterProtocolHeartbeater Heartbeat created at 2022-11-14 05:01:23,782 and sent to mynifi:8082 at 2022-11-14 05:01:23,786; send took 4 millis
2022-11-14 05:01:26,741 INFO [Heartbeat Monitor Thread-1] o.a.n.c.c.h.AbstractHeartbeatMonitor Finished processing 1 heartbeats in 5300 nanos
2022-11-14 05:01:28,796 INFO [Process Cluster Protocol Request-5] o.a.n.c.p.impl.SocketProtocolListener Finished processing request b60ae0cd-75ef-4749-afa2-b6321e3f6301 (type=HEARTBEAT, length=3071 bytes) from mynifi:8080 in 2 millis
2022-11-14 05:01:28,798 INFO [Clustering Tasks Thread-2] o.a.n.c.c.ClusterProtocolHeartbeater Heartbeat created at 2022-11-14 05:01:28,787 and sent to mynifi:8082 at 2022-11-14 05:01:28,798; send took 10 millis
2022-11-14 05:01:31,713 INFO [pool-13-thread-1] o.a.n.c.r.WriteAheadFlowFileRepository Initiating checkpoint of FlowFile Repository
2022-11-14 05:01:31,714 INFO [pool-13-thread-1] o.a.n.c.r.WriteAheadFlowFileRepository Successfully checkpointed FlowFile Repository with 0 records in 0 milliseconds
2022-11-14 05:01:31,743 INFO [Heartbeat Monitor Thread-1] o.a.n.c.c.h.AbstractHeartbeatMonitor Finished processing 1 heartbeats in 2300 nanos
2022-11-14 05:01:33,804 INFO [Process Cluster Protocol Request-6] o.a.n.c.p.impl.SocketProtocolListener Finished processing request 1ffd442a-a0eb-4b48-bf90-3ae57c31524d (type=HEARTBEAT, length=3071 bytes) from mynifi:8080 in 1 millis
2022-11-14 05:01:33,806 INFO [Clustering Tasks Thread-2] o.a.n.c.c.ClusterProtocolHeartbeater Heartbeat created at 2022-11-14 05:01:33,801 and sent to mynifi:8082 at 2022-11-14 05:01:33,806; send took 5 millis
2022-11-14 05:01:36,745 INFO [Heartbeat Monitor Thread-1] o.a.n.c.c.h.AbstractHeartbeatMonitor Finished processing 1 heartbeats in 2700 nanos
2022-11-14 05:01:38,810 INFO [Process Cluster Protocol Request-8] o.a.n.c.p.impl.SocketProtocolListener Finished processing request dfa5a762-e797-4021-972d-0c0606e99abd (type=HEARTBEAT, length=3071 bytes) from mynifi:8080 in 1 millis
2022-11-14 05:01:38,811 INFO [Clustering Tasks Thread-2] o.a.n.c.c.ClusterProtocolHeartbeater Heartbeat created at 2022-11-14 05:01:38,807 and sent to mynifi:8082 at 2022-11-14 05:01:38,811; send took 4 millis
2022-11-14 05:01:41,746 INFO [Heartbeat Monitor Thread-1] o.a.n.c.c.h.AbstractHeartbeatMonitor Finished processing 1 heartbeats in 2000 nanos
2022-11-14 05:01:43,819 INFO [Process Cluster Protocol Request-9] o.a.n.c.p.impl.SocketProtocolListener Finished processing request 6d349d27-1f4e-4342-af69-3ee41c08bc99 (type=HEARTBEAT, length=3071 bytes) from mynifi:8080 in 2 millis
2022-11-14 05:01:43,821 INFO [Clustering Tasks Thread-2] o.a.n.c.c.ClusterProtocolHeartbeater Heartbeat created at 2022-11-14 05:01:43,812 and sent to mynifi:8082 at 2022-11-14 05:01:43,821; send took 8 millis
2022-11-14 05:01:46,747 INFO [Heartbeat Monitor Thread-1] o.a.n.c.c.h.AbstractHeartbeatMonitor Finished processing 1 heartbeats in 3400 nanos
2022-11-14 05:01:48,827 INFO [Process Cluster Protocol Request-10] o.a.n.c.p.impl.SocketProtocolListener Finished processing request 8327b7d7-72fd-4282-b90b-cb22a0b569f0 (type=HEARTBEAT, length=3071 bytes) from mynifi:8080 in 993300 nanos
2022-11-14 05:01:48,828 INFO [Clustering Tasks Thread-2] o.a.n.c.c.ClusterProtocolHeartbeater Heartbeat created at 2022-11-14 05:01:48,823 and sent to mynifi:8082 at 2022-11-14 05:01:48,828; send took 4 millis
2022-11-14 05:01:51,715 INFO [pool-13-thread-1] o.a.n.c.r.WriteAheadFlowFileRepository Initiating checkpoint of FlowFile Repository
2022-11-14 05:01:51,716 INFO [pool-13-thread-1] o.a.n.c.r.WriteAheadFlowFileRepository Successfully checkpointed FlowFile Repository with 0 records in 0 milliseconds
2022-11-14 05:01:51,749 INFO [Heartbeat Monitor Thread-1] o.a.n.c.c.h.AbstractHeartbeatMonitor Finished processing 1 heartbeats in 2300 nanos
2022-11-14 05:01:53,832 INFO [Process Cluster Protocol Request-7] o.a.n.c.p.impl.SocketProtocolListener Finished processing request 3dfb5b08-585f-437a-b95a-8b0c34a8d5e1 (type=HEARTBEAT, length=3071 bytes) from mynifi:8080 in 1 millis
2022-11-14 05:01:53,833 INFO [Clustering Tasks Thread-2] o.a.n.c.c.ClusterProtocolHeartbeater Heartbeat created at 2022-11-14 05:01:53,829 and sent to mynifi:8082 at 2022-11-14 05:01:53,833; send took 4 millis
2022-11-14 05:01:54,483 INFO [Write-Ahead Local State Provider Maintenance] org.wali.MinimalLockingWriteAheadLog org.wali.MinimalLockingWriteAheadLog@25589735 checkpointed with 2 Records and 0 Swap Files in 275 milliseconds (Stop-the-world time = 111 milliseconds, Clear Edit Logs time = 142 millis), max Transaction ID 8
2022-11-14 05:01:56,750 INFO [Heartbeat Monitor Thread-1] o.a.n.c.c.h.AbstractHeartbeatMonitor Finished processing 1 heartbeats in 2300 nanos
2022-11-14 05:01:58,837 INFO [Process Cluster Protocol Request-1] o.a.n.c.p.impl.SocketProtocolListener Finished processing request 41e557af-5fe6-4c07-b0da-839db4c1c4a5 (type=HEARTBEAT, length=3071 bytes) from mynifi:8080 in 1 millis
2022-11-14 05:01:58,838 INFO [Clustering Tasks Thread-2] o.a.n.c.c.ClusterProtocolHeartbeater Heartbeat created at 2022-11-14 05:01:58,834 and sent to mynifi:8082 at 2022-11-14 05:01:58,838; send took 4 millis
2022-11-14 05:02:01,751 INFO [Heartbeat Monitor Thread-1] o.a.n.c.c.h.AbstractHeartbeatMonitor Finished processing 1 heartbeats in 2900 nanos
2022-11-14 05:02:03,843 INFO [Process Cluster Protocol Request-2] o.a.n.c.p.impl.SocketProtocolListener Finished processing request 9303a183-a754-40ef-a0da-7c36d01092f9 (type=HEARTBEAT, length=3071 bytes) from mynifi:8080 in 1 millis
2022-11-14 05:02:03,843 INFO [Clustering Tasks Thread-2] o.a.n.c.c.ClusterProtocolHeartbeater Heartbeat created at 2022-11-14 05:02:03,839 and sent to mynifi:8082 at 2022-11-14 05:02:03,843; send took 4 millis
2022-11-14 05:02:06,752 INFO [Heartbeat Monitor Thread-1] o.a.n.c.c.h.AbstractHeartbeatMonitor Finished processing 1 heartbeats in 2500 nanos
2022-11-14 05:02:08,848 INFO [Process Cluster Protocol Request-3] o.a.n.c.p.impl.SocketProtocolListener Finished processing request bcbdedcb-3751-483b-8881-596292247bbf (type=HEARTBEAT, length=3071 bytes) from mynifi:8080 in 1 millis
2022-11-14 05:02:08,849 INFO [Clustering Tasks Thread-2] o.a.n.c.c.ClusterProtocolHeartbeater Heartbeat created at 2022-11-14 05:02:08,844 and sent to mynifi:8082 at 2022-11-14 05:02:08,849; send took 4 millis
2022-11-14 05:02:11,717 INFO [pool-13-thread-1] o.a.n.c.r.WriteAheadFlowFileRepository Initiating checkpoint of FlowFile Repository
2022-11-14 05:02:11,718 INFO [pool-13-thread-1] o.a.n.c.r.WriteAheadFlowFileRepository Successfully checkpointed FlowFile Repository with 0 records in 0 milliseconds
2022-11-14 05:02:11,753 INFO [Heartbeat Monitor Thread-1] o.a.n.c.c.h.AbstractHeartbeatMonitor Finished processing 1 heartbeats in 2800 nanos
2022-11-14 05:02:12,390 INFO [Cleanup Archive for default] o.a.n.c.repository.FileSystemRepository Successfully deleted 0 files (0 bytes) from archive
2022-11-14 05:02:13,853 INFO [Process Cluster Protocol Request-4] o.a.n.c.p.impl.SocketProtocolListener Finished processing request daab9649-69c6-43ad-98f6-9114dbff1a68 (type=HEARTBEAT, length=3071 bytes) from mynifi:8080 in 1 millis
2022-11-14 05:02:13,855 INFO [Clustering Tasks Thread-2] o.a.n.c.c.ClusterProtocolHeartbeater Heartbeat created at 2022-11-14 05:02:13,850 and sent to mynifi:8082 at 2022-11-14 05:02:13,855; send took 5 millis
2022-11-14 05:02:16,754 INFO [Heartbeat Monitor Thread-1] o.a.n.c.c.h.AbstractHeartbeatMonitor Finished processing 1 heartbeats in 2600 nanos
2022-11-14 05:02:18,866 INFO [Process Cluster Protocol Request-5] o.a.n.c.p.impl.SocketProtocolListener Finished processing request 98acb4b7-b3ac-4eef-bd06-37bdfdc52aff (type=HEARTBEAT, length=3071 bytes) from mynifi:8080 in 3 millis
2022-11-14 05:02:18,868 INFO [Clustering Tasks Thread-2] o.a.n.c.c.ClusterProtocolHeartbeater Heartbeat created at 2022-11-14 05:02:18,856 and sent to mynifi:8082 at 2022-11-14 05:02:18,868; send took 11 millis
2022-11-14 05:02:21,755 INFO [Heartbeat Monitor Thread-1] o.a.n.c.c.h.AbstractHeartbeatMonitor Finished processing 1 heartbeats in 3900 nanos
2022-11-14 05:02:23,874 INFO [Process Cluster Protocol Request-6] o.a.n.c.p.impl.SocketProtocolListener Finished processing request 017b3b62-f05d-4444-8e8f-97a0edd91aa8 (type=HEARTBEAT, length=3071 bytes) from mynifi:8080 in 1 millis
2022-11-14 05:02:23,875 INFO [Clustering Tasks Thread-2] o.a.n.c.c.ClusterProtocolHeartbeater Heartbeat created at 2022-11-14 05:02:23,871 and sent to mynifi:8082 at 2022-11-14 05:02:23,875; send took 4 millis
2022-11-14 05:02:26,757 INFO [Heartbeat Monitor Thread-1] o.a.n.c.c.h.AbstractHeartbeatMonitor Finished processing 1 heartbeats in 2500 nanos
2022-11-14 05:02:28,887 INFO [Process Cluster Protocol Request-8] o.a.n.c.p.impl.SocketProtocolListener Finished processing request 66f40d86-9d35-46b3-b77b-7ed38b6dcf5d (type=HEARTBEAT, length=3071 bytes) from mynifi:8080 in 4 millis
2022-11-14 05:02:28,891 INFO [Clustering Tasks Thread-2] o.a.n.c.c.ClusterProtocolHeartbeater Heartbeat created at 2022-11-14 05:02:28,877 and sent to mynifi:8082 at 2022-11-14 05:02:28,891; send took 14 millis
2022-11-14 05:02:31,718 INFO [pool-13-thread-1] o.a.n.c.r.WriteAheadFlowFileRepository Initiating checkpoint of FlowFile Repository
2022-11-14 05:02:31,719 INFO [pool-13-thread-1] o.a.n.c.r.WriteAheadFlowFileRepository Successfully checkpointed FlowFile Repository with 0 records in 0 milliseconds
2022-11-14 05:02:31,758 INFO [Heartbeat Monitor Thread-1] o.a.n.c.c.h.AbstractHeartbeatMonitor Finished processing 1 heartbeats in 2400 nanos
2022-11-14 05:02:33,896 INFO [Process Cluster Protocol Request-9] o.a.n.c.p.impl.SocketProtocolListener Finished processing request f2bacb0c-df3b-4857-b7da-092df81419d4 (type=HEARTBEAT, length=3071 bytes) from mynifi:8080 in 1 millis
2022-11-14 05:02:33,898 INFO [Clustering Tasks Thread-2] o.a.n.c.c.ClusterProtocolHeartbeater Heartbeat created at 2022-11-14 05:02:33,893 and sent to mynifi:8082 at 2022-11-14 05:02:33,898; send took 5 millis
2022-11-14 05:02:36,759 INFO [Heartbeat Monitor Thread-1] o.a.n.c.c.h.AbstractHeartbeatMonitor Finished processing 1 heartbeats in 2500 nanos
2022-11-14 05:02:38,907 INFO [Process Cluster Protocol Request-10] o.a.n.c.p.impl.SocketProtocolListener Finished processing request 1bfdd6c1-5960-4c7c-a4d1-f7cc1de45728 (type=HEARTBEAT, length=3071 bytes) from mynifi:8080 in 2 millis
2022-11-14 05:02:38,909 INFO [Clustering Tasks Thread-2] o.a.n.c.c.ClusterProtocolHeartbeater Heartbeat created at 2022-11-14 05:02:38,900 and sent to mynifi:8082 at 2022-11-14 05:02:38,909; send took 9 millis
2022-11-14 05:02:41,760 INFO [Heartbeat Monitor Thread-1] o.a.n.c.c.h.AbstractHeartbeatMonitor Finished processing 1 heartbeats in 2500 nanos
2022-11-14 05:02:43,914 INFO [Process Cluster Protocol Request-7] o.a.n.c.p.impl.SocketProtocolListener Finished processing request c90db8a6-4eb1-42f1-b467-7e2fa930f729 (type=HEARTBEAT, length=3071 bytes) from mynifi:8080 in 1 millis
2022-11-14 05:02:43,915 INFO [Clustering Tasks Thread-2] o.a.n.c.c.ClusterProtocolHeartbeater Heartbeat created at 2022-11-14 05:02:43,911 and sent to mynifi:8082 at 2022-11-14 05:02:43,915; send took 4 millis
2022-11-14 05:02:46,761 INFO [Heartbeat Monitor Thread-1] o.a.n.c.c.h.AbstractHeartbeatMonitor Finished processing 1 heartbeats in 2700 nanos
2022-11-14 05:02:48,920 INFO [Process Cluster Protocol Request-1] o.a.n.c.p.impl.SocketProtocolListener Finished processing request 5f025256-853e-4c64-a8d1-ed15d11afd98 (type=HEARTBEAT, length=3071 bytes) from mynifi:8080 in 1 millis
2022-11-14 05:02:48,921 INFO [Clustering Tasks Thread-2] o.a.n.c.c.ClusterProtocolHeartbeater Heartbeat created at 2022-11-14 05:02:48,916 and sent to mynifi:8082 at 2022-11-14 05:02:48,921; send took 4 millis
2022-11-14 05:02:51,720 INFO [pool-13-thread-1] o.a.n.c.r.WriteAheadFlowFileRepository Initiating checkpoint of FlowFile Repository
2022-11-14 05:02:51,723 INFO [pool-13-thread-1] o.a.n.c.r.WriteAheadFlowFileRepository Successfully checkpointed FlowFile Repository with 0 records in 0 milliseconds
2022-11-14 05:02:51,763 INFO [Heartbeat Monitor Thread-1] o.a.n.c.c.h.AbstractHeartbeatMonitor Finished processing 1 heartbeats in 6900 nanos
2022-11-14 05:02:53,926 INFO [Process Cluster Protocol Request-2] o.a.n.c.p.impl.SocketProtocolListener Finished processing request c8de4048-184d-4990-afd9-b1bb1f7088fb (type=HEARTBEAT, length=3071 bytes) from mynifi:8080 in 1 millis
2022-11-14 05:02:53,927 INFO [Clustering Tasks Thread-2] o.a.n.c.c.ClusterProtocolHeartbeater Heartbeat created at 2022-11-14 05:02:53,923 and sent to mynifi:8082 at 2022-11-14 05:02:53,927; send took 4 millis
2022-11-14 05:02:56,766 INFO [Heartbeat Monitor Thread-1] o.a.n.c.c.h.AbstractHeartbeatMonitor Finished processing 1 heartbeats in 2200 nanos
2022-11-14 05:02:58,937 INFO [Process Cluster Protocol Request-3] o.a.n.c.p.impl.SocketProtocolListener Finished processing request fe9fd27a-a12c-45f3-9d43-f276f59c3837 (type=HEARTBEAT, length=3071 bytes) from mynifi:8080 in 2 millis
2022-11-14 05:02:58,939 INFO [Clustering Tasks Thread-2] o.a.n.c.c.ClusterProtocolHeartbeater Heartbeat created at 2022-11-14 05:02:58,929 and sent to mynifi:8082 at 2022-11-14 05:02:58,939; send took 10 millis
2022-11-14 05:03:01,767 INFO [Heartbeat Monitor Thread-1] o.a.n.c.c.h.AbstractHeartbeatMonitor Finished processing 1 heartbeats in 2900 nanos
2022-11-14 05:03:03,951 INFO [Process Cluster Protocol Request-4] o.a.n.c.p.impl.SocketProtocolListener Finished processing request b481e7d9-7121-4d9b-b0b5-55f557a98097 (type=HEARTBEAT, length=3071 bytes) from mynifi:8080 in 2 millis
2022-11-14 05:03:03,955 INFO [Clustering Tasks Thread-2] o.a.n.c.c.ClusterProtocolHeartbeater Heartbeat created at 2022-11-14 05:03:03,942 and sent to mynifi:8082 at 2022-11-14 05:03:03,955; send took 12 millis
2022-11-14 05:03:06,768 INFO [Heartbeat Monitor Thread-1] o.a.n.c.c.h.AbstractHeartbeatMonitor Finished processing 1 heartbeats in 2500 nanos
2022-11-14 05:03:08,961 INFO [Process Cluster Protocol Request-5] o.a.n.c.p.impl.SocketProtocolListener Finished processing request 4b410a74-0a3a-4796-ae7e-53c596142e7a (type=HEARTBEAT, length=3071 bytes) from mynifi:8080 in 1 millis
2022-11-14 05:03:08,962 INFO [Clustering Tasks Thread-2] o.a.n.c.c.ClusterProtocolHeartbeater Heartbeat created at 2022-11-14 05:03:08,958 and sent to mynifi:8082 at 2022-11-14 05:03:08,962; send took 4 millis
2022-11-14 05:03:11,724 INFO [pool-13-thread-1] o.a.n.c.r.WriteAheadFlowFileRepository Initiating checkpoint of FlowFile Repository
2022-11-14 05:03:11,725 INFO [pool-13-thread-1] o.a.n.c.r.WriteAheadFlowFileRepository Successfully checkpointed FlowFile Repository with 0 records in 0 milliseconds
2022-11-14 05:03:11,770 INFO [Heartbeat Monitor Thread-1] o.a.n.c.c.h.AbstractHeartbeatMonitor Finished processing 1 heartbeats in 5500 nanos
2022-11-14 05:03:13,155 INFO [Cleanup Archive for default] o.a.n.c.repository.FileSystemRepository Successfully deleted 0 files (0 bytes) from archive
2022-11-14 05:03:13,967 INFO [Process Cluster Protocol Request-6] o.a.n.c.p.impl.SocketProtocolListener Finished processing request 8503f6ea-e805-4503-99f5-3d2d8539c7fb (type=HEARTBEAT, length=3071 bytes) from mynifi:8080 in 1 millis
2022-11-14 05:03:13,968 INFO [Clustering Tasks Thread-2] o.a.n.c.c.ClusterProtocolHeartbeater Heartbeat created at 2022-11-14 05:03:13,964 and sent to mynifi:8082 at 2022-11-14 05:03:13,968; send took 4 millis
2022-11-14 05:03:16,772 INFO [Heartbeat Monitor Thread-1] o.a.n.c.c.h.AbstractHeartbeatMonitor Finished processing 1 heartbeats in 2600 nanos
2022-11-14 05:03:18,974 INFO [Process Cluster Protocol Request-8] o.a.n.c.p.impl.SocketProtocolListener Finished processing request 76d7a37d-9ead-49e3-b8b5-94a22bc3876d (type=HEARTBEAT, length=3071 bytes) from mynifi:8080 in 1 millis
2022-11-14 05:03:18,974 INFO [Clustering Tasks Thread-2] o.a.n.c.c.ClusterProtocolHeartbeater Heartbeat created at 2022-11-14 05:03:18,970 and sent to mynifi:8082 at 2022-11-14 05:03:18,974; send took 3 millis
2022-11-14 05:03:21,773 INFO [Heartbeat Monitor Thread-1] o.a.n.c.c.h.AbstractHeartbeatMonitor Finished processing 1 heartbeats in 2800 nanos
2022-11-14 05:03:23,979 INFO [Process Cluster Protocol Request-9] o.a.n.c.p.impl.SocketProtocolListener Finished processing request 9b39410f-3748-4bb9-9968-308785d96f2e (type=HEARTBEAT, length=3071 bytes) from mynifi:8080 in 1 millis
2022-11-14 05:03:23,980 INFO [Clustering Tasks Thread-2] o.a.n.c.c.ClusterProtocolHeartbeater Heartbeat created at 2022-11-14 05:03:23,975 and sent to mynifi:8082 at 2022-11-14 05:03:23,980; send took 4 millis
2022-11-14 05:03:26,774 INFO [Heartbeat Monitor Thread-1] o.a.n.c.c.h.AbstractHeartbeatMonitor Finished processing 1 heartbeats in 2000 nanos
2022-11-14 05:03:28,984 INFO [Process Cluster Protocol Request-10] o.a.n.c.p.impl.SocketProtocolListener Finished processing request 504ac60a-921d-4df1-aa9b-150cdd52c181 (type=HEARTBEAT, length=3071 bytes) from mynifi:8080 in 1 millis
2022-11-14 05:03:28,986 INFO [Clustering Tasks Thread-2] o.a.n.c.c.ClusterProtocolHeartbeater Heartbeat created at 2022-11-14 05:03:28,981 and sent to mynifi:8082 at 2022-11-14 05:03:28,986; send took 4 millis
2022-11-14 05:03:31,725 INFO [pool-13-thread-1] o.a.n.c.r.WriteAheadFlowFileRepository Initiating checkpoint of FlowFile Repository
2022-11-14 05:03:31,726 INFO [pool-13-thread-1] o.a.n.c.r.WriteAheadFlowFileRepository Successfully checkpointed FlowFile Repository with 0 records in 0 milliseconds
2022-11-14 05:03:31,774 INFO [Heartbeat Monitor Thread-1] o.a.n.c.c.h.AbstractHeartbeatMonitor Finished processing 1 heartbeats in 2300 nanos
2022-11-14 05:03:33,991 INFO [Process Cluster Protocol Request-7] o.a.n.c.p.impl.SocketProtocolListener Finished processing request 2bbf4a3f-c4b5-4944-b5bf-c6e41162982f (type=HEARTBEAT, length=3071 bytes) from mynifi:8080 in 1 millis
2022-11-14 05:03:33,992 INFO [Clustering Tasks Thread-2] o.a.n.c.c.ClusterProtocolHeartbeater Heartbeat created at 2022-11-14 05:03:33,987 and sent to mynifi:8082 at 2022-11-14 05:03:33,992; send took 5 millis
2022-11-14 05:03:36,775 INFO [Heartbeat Monitor Thread-1] o.a.n.c.c.h.AbstractHeartbeatMonitor Finished processing 1 heartbeats in 2400 nanos
2022-11-14 05:03:39,001 INFO [Process Cluster Protocol Request-1] o.a.n.c.p.impl.SocketProtocolListener Finished processing request 9e0abf9c-2734-45c3-b709-17fca5d1312a (type=HEARTBEAT, length=3071 bytes) from mynifi:8080 in 2 millis
2022-11-14 05:03:39,003 INFO [Clustering Tasks Thread-2] o.a.n.c.c.ClusterProtocolHeartbeater Heartbeat created at 2022-11-14 05:03:38,993 and sent to mynifi:8082 at 2022-11-14 05:03:39,003; send took 9 millis
2022-11-14 05:03:41,776 INFO [Heartbeat Monitor Thread-1] o.a.n.c.c.h.AbstractHeartbeatMonitor Finished processing 1 heartbeats in 2400 nanos
2022-11-14 05:03:44,008 INFO [Process Cluster Protocol Request-2] o.a.n.c.p.impl.SocketProtocolListener Finished processing request 5f7cf620-3cbb-4571-883f-85763f3cb9e4 (type=HEARTBEAT, length=3071 bytes) from mynifi:8080 in 892000 nanos
2022-11-14 05:03:44,009 INFO [Clustering Tasks Thread-2] o.a.n.c.c.ClusterProtocolHeartbeater Heartbeat created at 2022-11-14 05:03:44,005 and sent to mynifi:8082 at 2022-11-14 05:03:44,009; send took 3 millis
2022-11-14 05:03:46,777 INFO [Heartbeat Monitor Thread-1] o.a.n.c.c.h.AbstractHeartbeatMonitor Finished processing 1 heartbeats in 2800 nanos
2022-11-14 05:03:49,014 INFO [Process Cluster Protocol Request-3] o.a.n.c.p.impl.SocketProtocolListener Finished processing request 500949a2-0950-4bf5-b38c-0c3b5e35efd7 (type=HEARTBEAT, length=3071 bytes) from mynifi:8080 in 1 millis
2022-11-14 05:03:49,016 INFO [Clustering Tasks Thread-2] o.a.n.c.c.ClusterProtocolHeartbeater Heartbeat created at 2022-11-14 05:03:49,010 and sent to mynifi:8082 at 2022-11-14 05:03:49,016; send took 5 millis
2022-11-14 05:03:51,727 INFO [pool-13-thread-1] o.a.n.c.r.WriteAheadFlowFileRepository Initiating checkpoint of FlowFile Repository
2022-11-14 05:03:51,728 INFO [pool-13-thread-1] o.a.n.c.r.WriteAheadFlowFileRepository Successfully checkpointed FlowFile Repository with 0 records in 0 milliseconds
2022-11-14 05:03:51,779 INFO [Heartbeat Monitor Thread-1] o.a.n.c.c.h.AbstractHeartbeatMonitor Finished processing 1 heartbeats in 3000 nanos
2022-11-14 05:03:54,027 INFO [Process Cluster Protocol Request-4] o.a.n.c.p.impl.SocketProtocolListener Finished processing request 3270ad2d-ba89-47b4-bc21-ba71741831bb (type=HEARTBEAT, length=3071 bytes) from mynifi:8080 in 3 millis
2022-11-14 05:03:54,032 INFO [Clustering Tasks Thread-2] o.a.n.c.c.ClusterProtocolHeartbeater Heartbeat created at 2022-11-14 05:03:54,017 and sent to mynifi:8082 at 2022-11-14 05:03:54,032; send took 14 millis
2022-11-14 05:03:54,741 INFO [Write-Ahead Local State Provider Maintenance] org.wali.MinimalLockingWriteAheadLog org.wali.MinimalLockingWriteAheadLog@25589735 checkpointed with 2 Records and 0 Swap Files in 258 milliseconds (Stop-the-world time = 100 milliseconds, Clear Edit Logs time = 139 millis), max Transaction ID 8
2022-11-14 05:03:56,779 INFO [Heartbeat Monitor Thread-1] o.a.n.c.c.h.AbstractHeartbeatMonitor Finished processing 1 heartbeats in 6500 nanos
2022-11-14 05:03:59,040 INFO [Process Cluster Protocol Request-5] o.a.n.c.p.impl.SocketProtocolListener Finished processing request b8641651-20aa-4cc9-bcd0-f0db3641e579 (type=HEARTBEAT, length=3071 bytes) from mynifi:8080 in 2 millis
2022-11-14 05:03:59,041 INFO [Clustering Tasks Thread-2] o.a.n.c.c.ClusterProtocolHeartbeater Heartbeat created at 2022-11-14 05:03:59,033 and sent to mynifi:8082 at 2022-11-14 05:03:59,041; send took 8 millis
2022-11-14 05:04:01,781 INFO [Heartbeat Monitor Thread-1] o.a.n.c.c.h.AbstractHeartbeatMonitor Finished processing 1 heartbeats in 3000 nanos
2022-11-14 05:04:04,047 INFO [Process Cluster Protocol Request-6] o.a.n.c.p.impl.SocketProtocolListener Finished processing request 721daf50-043a-4d47-8885-6d13ea9042c1 (type=HEARTBEAT, length=3071 bytes) from mynifi:8080 in 1 millis
2022-11-14 05:04:04,048 INFO [Clustering Tasks Thread-2] o.a.n.c.c.ClusterProtocolHeartbeater Heartbeat created at 2022-11-14 05:04:04,043 and sent to mynifi:8082 at 2022-11-14 05:04:04,048; send took 4 millis
2022-11-14 05:04:06,782 INFO [Heartbeat Monitor Thread-1] o.a.n.c.c.h.AbstractHeartbeatMonitor Finished processing 1 heartbeats in 2100 nanos
2022-11-14 05:04:09,053 INFO [Process Cluster Protocol Request-8] o.a.n.c.p.impl.SocketProtocolListener Finished processing request a2fa7fef-64bd-4f4e-a135-76273e4459ba (type=HEARTBEAT, length=3071 bytes) from mynifi:8080 in 1 millis
2022-11-14 05:04:09,055 INFO [Clustering Tasks Thread-2] o.a.n.c.c.ClusterProtocolHeartbeater Heartbeat created at 2022-11-14 05:04:09,049 and sent to mynifi:8082 at 2022-11-14 05:04:09,055; send took 6 millis
2022-11-14 05:04:11,729 INFO [pool-13-thread-1] o.a.n.c.r.WriteAheadFlowFileRepository Initiating checkpoint of FlowFile Repository
2022-11-14 05:04:11,730 INFO [pool-13-thread-1] o.a.n.c.r.WriteAheadFlowFileRepository Successfully checkpointed FlowFile Repository with 0 records in 0 milliseconds
2022-11-14 05:04:11,783 INFO [Heartbeat Monitor Thread-1] o.a.n.c.c.h.AbstractHeartbeatMonitor Finished processing 1 heartbeats in 2700 nanos
2022-11-14 05:04:13,985 INFO [Cleanup Archive for default] o.a.n.c.repository.FileSystemRepository Successfully deleted 0 files (0 bytes) from archive
2022-11-14 05:04:14,060 INFO [Process Cluster Protocol Request-9] o.a.n.c.p.impl.SocketProtocolListener Finished processing request 2bb49fb6-4b37-495b-af2b-cf4d034cdffd (type=HEARTBEAT, length=3071 bytes) from mynifi:8080 in 1 millis
2022-11-14 05:04:14,061 INFO [Clustering Tasks Thread-2] o.a.n.c.c.ClusterProtocolHeartbeater Heartbeat created at 2022-11-14 05:04:14,056 and sent to mynifi:8082 at 2022-11-14 05:04:14,061; send took 4 millis
2022-11-14 05:04:16,784 INFO [Heartbeat Monitor Thread-1] o.a.n.c.c.h.AbstractHeartbeatMonitor Finished processing 1 heartbeats in 2100 nanos
2022-11-14 05:04:19,065 INFO [Process Cluster Protocol Request-10] o.a.n.c.p.impl.SocketProtocolListener Finished processing request abe92612-232e-4b6e-94a8-a753bd83721b (type=HEARTBEAT, length=3071 bytes) from mynifi:8080 in 1 millis
2022-11-14 05:04:19,066 INFO [Clustering Tasks Thread-2] o.a.n.c.c.ClusterProtocolHeartbeater Heartbeat created at 2022-11-14 05:04:19,062 and sent to mynifi:8082 at 2022-11-14 05:04:19,066; send took 4 millis
2022-11-14 05:04:21,785 INFO [Heartbeat Monitor Thread-1] o.a.n.c.c.h.AbstractHeartbeatMonitor Finished processing 1 heartbeats in 2800 nanos
2022-11-14 05:04:24,070 INFO [Process Cluster Protocol Request-7] o.a.n.c.p.impl.SocketProtocolListener Finished processing request 1a28c0c4-57b3-4cbd-aba4-d7cc6afb7b77 (type=HEARTBEAT, length=3071 bytes) from mynifi:8080 in 1 millis
2022-11-14 05:04:24,070 INFO [Clustering Tasks Thread-2] o.a.n.c.c.ClusterProtocolHeartbeater Heartbeat created at 2022-11-14 05:04:24,067 and sent to mynifi:8082 at 2022-11-14 05:04:24,070; send took 3 millis
2022-11-14 05:04:26,786 INFO [Heartbeat Monitor Thread-1] o.a.n.c.c.h.AbstractHeartbeatMonitor Finished processing 1 heartbeats in 3800 nanos
2022-11-14 05:04:29,075 INFO [Process Cluster Protocol Request-1] o.a.n.c.p.impl.SocketProtocolListener Finished processing request bcebbd00-3271-4458-b110-f848f54cc299 (type=HEARTBEAT, length=3071 bytes) from mynifi:8080 in 1 millis
2022-11-14 05:04:29,076 INFO [Clustering Tasks Thread-2] o.a.n.c.c.ClusterProtocolHeartbeater Heartbeat created at 2022-11-14 05:04:29,072 and sent to mynifi:8082 at 2022-11-14 05:04:29,076; send took 3 millis
2022-11-14 05:04:31,731 INFO [pool-13-thread-1] o.a.n.c.r.WriteAheadFlowFileRepository Initiating checkpoint of FlowFile Repository
2022-11-14 05:04:31,732 INFO [pool-13-thread-1] o.a.n.c.r.WriteAheadFlowFileRepository Successfully checkpointed FlowFile Repository with 0 records in 0 milliseconds
2022-11-14 05:04:31,820 INFO [Heartbeat Monitor Thread-1] o.a.n.c.c.h.AbstractHeartbeatMonitor Finished processing 1 heartbeats in 2900 nanos
2022-11-14 05:04:34,080 INFO [Process Cluster Protocol Request-2] o.a.n.c.p.impl.SocketProtocolListener Finished processing request 5748b649-c55d-4287-a894-23b550a9ed75 (type=HEARTBEAT, length=3071 bytes) from mynifi:8080 in 1 millis
2022-11-14 05:04:34,081 INFO [Clustering Tasks Thread-2] o.a.n.c.c.ClusterProtocolHeartbeater Heartbeat created at 2022-11-14 05:04:34,077 and sent to mynifi:8082 at 2022-11-14 05:04:34,081; send took 3 millis
2022-11-14 05:04:36,821 INFO [Heartbeat Monitor Thread-1] o.a.n.c.c.h.AbstractHeartbeatMonitor Finished processing 1 heartbeats in 17500 nanos
2022-11-14 05:04:39,084 INFO [Process Cluster Protocol Request-3] o.a.n.c.p.impl.SocketProtocolListener Finished processing request 70e8a6f9-1562-4406-bc1b-ba8cdafe8e20 (type=HEARTBEAT, length=3071 bytes) from mynifi:8080 in 974800 nanos
2022-11-14 05:04:39,086 INFO [Clustering Tasks Thread-2] o.a.n.c.c.ClusterProtocolHeartbeater Heartbeat created at 2022-11-14 05:04:39,081 and sent to mynifi:8082 at 2022-11-14 05:04:39,086; send took 4 millis
2022-11-14 05:04:41,822 INFO [Heartbeat Monitor Thread-1] o.a.n.c.c.h.AbstractHeartbeatMonitor Finished processing 1 heartbeats in 3200 nanos
2022-11-14 05:04:44,090 INFO [Process Cluster Protocol Request-4] o.a.n.c.p.impl.SocketProtocolListener Finished processing request 31922454-7cd0-4c28-8173-337a2123ba3f (type=HEARTBEAT, length=3071 bytes) from mynifi:8080 in 985800 nanos
2022-11-14 05:04:44,091 INFO [Clustering Tasks Thread-2] o.a.n.c.c.ClusterProtocolHeartbeater Heartbeat created at 2022-11-14 05:04:44,087 and sent to mynifi:8082 at 2022-11-14 05:04:44,091; send took 3 millis
2022-11-14 05:04:46,823 INFO [Heartbeat Monitor Thread-1] o.a.n.c.c.h.AbstractHeartbeatMonitor Finished processing 1 heartbeats in 2300 nanos
2022-11-14 05:04:49,096 INFO [Process Cluster Protocol Request-5] o.a.n.c.p.impl.SocketProtocolListener Finished processing request d5ec28c3-18b4-4875-b738-f11046e6c6ac (type=HEARTBEAT, length=3071 bytes) from mynifi:8080 in 1 millis
2022-11-14 05:04:49,098 INFO [Clustering Tasks Thread-2] o.a.n.c.c.ClusterProtocolHeartbeater Heartbeat created at 2022-11-14 05:04:49,092 and sent to mynifi:8082 at 2022-11-14 05:04:49,097; send took 4 millis
2022-11-14 05:04:51,733 INFO [pool-13-thread-1] o.a.n.c.r.WriteAheadFlowFileRepository Initiating checkpoint of FlowFile Repository
2022-11-14 05:04:51,734 INFO [pool-13-thread-1] o.a.n.c.r.WriteAheadFlowFileRepository Successfully checkpointed FlowFile Repository with 0 records in 0 milliseconds
2022-11-14 05:04:51,824 INFO [Heartbeat Monitor Thread-1] o.a.n.c.c.h.AbstractHeartbeatMonitor Finished processing 1 heartbeats in 2300 nanos
2022-11-14 05:04:54,101 INFO [Process Cluster Protocol Request-6] o.a.n.c.p.impl.SocketProtocolListener Finished processing request 2fe11f75-4254-458d-a338-73cb58b396e5 (type=HEARTBEAT, length=3071 bytes) from mynifi:8080 in 966900 nanos
2022-11-14 05:04:54,102 INFO [Clustering Tasks Thread-2] o.a.n.c.c.ClusterProtocolHeartbeater Heartbeat created at 2022-11-14 05:04:54,098 and sent to mynifi:8082 at 2022-11-14 05:04:54,102; send took 3 millis
2022-11-14 05:04:56,825 INFO [Heartbeat Monitor Thread-1] o.a.n.c.c.h.AbstractHeartbeatMonitor Finished processing 1 heartbeats in 3400 nanos
2022-11-14 05:04:59,106 INFO [Process Cluster Protocol Request-8] o.a.n.c.p.impl.SocketProtocolListener Finished processing request 5793c7b3-d7e4-431b-a58c-32250f08d82e (type=HEARTBEAT, length=3071 bytes) from mynifi:8080 in 868500 nanos
2022-11-14 05:04:59,107 INFO [Clustering Tasks Thread-2] o.a.n.c.c.ClusterProtocolHeartbeater Heartbeat created at 2022-11-14 05:04:59,103 and sent to mynifi:8082 at 2022-11-14 05:04:59,107; send took 3 millis
2022-11-14 05:05:01,826 INFO [Heartbeat Monitor Thread-1] o.a.n.c.c.h.AbstractHeartbeatMonitor Finished processing 1 heartbeats in 2200 nanos
2022-11-14 05:05:04,119 INFO [Process Cluster Protocol Request-9] o.a.n.c.p.impl.SocketProtocolListener Finished processing request b8e2e256-f62b-497c-963b-36fb3b91f8d9 (type=HEARTBEAT, length=3071 bytes) from mynifi:8080 in 4 millis
2022-11-14 05:05:04,121 INFO [Clustering Tasks Thread-2] o.a.n.c.c.ClusterProtocolHeartbeater Heartbeat created at 2022-11-14 05:05:04,108 and sent to mynifi:8082 at 2022-11-14 05:05:04,121; send took 12 millis
2022-11-14 05:05:06,827 INFO [Heartbeat Monitor Thread-1] o.a.n.c.c.h.AbstractHeartbeatMonitor Finished processing 1 heartbeats in 4900 nanos
2022-11-14 05:05:09,127 INFO [Process Cluster Protocol Request-10] o.a.n.c.p.impl.SocketProtocolListener Finished processing request c6287d30-806e-4810-90b2-ceaa16001bfb (type=HEARTBEAT, length=3071 bytes) from mynifi:8080 in 1 millis
2022-11-14 05:05:09,128 INFO [Clustering Tasks Thread-2] o.a.n.c.c.ClusterProtocolHeartbeater Heartbeat created at 2022-11-14 05:05:09,124 and sent to mynifi:8082 at 2022-11-14 05:05:09,128; send took 4 millis
2022-11-14 05:05:11,735 INFO [pool-13-thread-1] o.a.n.c.r.WriteAheadFlowFileRepository Initiating checkpoint of FlowFile Repository
2022-11-14 05:05:11,736 INFO [pool-13-thread-1] o.a.n.c.r.WriteAheadFlowFileRepository Successfully checkpointed FlowFile Repository with 0 records in 0 milliseconds
2022-11-14 05:05:11,829 INFO [Heartbeat Monitor Thread-1] o.a.n.c.c.h.AbstractHeartbeatMonitor Finished processing 1 heartbeats in 2500 nanos
2022-11-14 05:05:14,133 INFO [Process Cluster Protocol Request-7] o.a.n.c.p.impl.SocketProtocolListener Finished processing request eb5b90d5-a716-442b-8329-4cb1bee72c25 (type=HEARTBEAT, length=3071 bytes) from mynifi:8080 in 1 millis
2022-11-14 05:05:14,136 INFO [Clustering Tasks Thread-2] o.a.n.c.c.ClusterProtocolHeartbeater Heartbeat created at 2022-11-14 05:05:14,129 and sent to mynifi:8082 at 2022-11-14 05:05:14,136; send took 6 millis
2022-11-14 05:05:14,860 INFO [Cleanup Archive for default] o.a.n.c.repository.FileSystemRepository Successfully deleted 0 files (0 bytes) from archive
2022-11-14 05:05:16,830 INFO [Heartbeat Monitor Thread-1] o.a.n.c.c.h.AbstractHeartbeatMonitor Finished processing 1 heartbeats in 3600 nanos
2022-11-14 05:05:19,140 INFO [Process Cluster Protocol Request-1] o.a.n.c.p.impl.SocketProtocolListener Finished processing request 808694ce-8579-4890-b111-490100ee22d0 (type=HEARTBEAT, length=3071 bytes) from mynifi:8080 in 1 millis
2022-11-14 05:05:19,140 INFO [Clustering Tasks Thread-2] o.a.n.c.c.ClusterProtocolHeartbeater Heartbeat created at 2022-11-14 05:05:19,136 and sent to mynifi:8082 at 2022-11-14 05:05:19,140; send took 4 millis
2022-11-14 05:05:21,831 INFO [Heartbeat Monitor Thread-1] o.a.n.c.c.h.AbstractHeartbeatMonitor Finished processing 1 heartbeats in 5400 nanos
2022-11-14 05:05:24,149 INFO [Process Cluster Protocol Request-2] o.a.n.c.p.impl.SocketProtocolListener Finished processing request 504d4717-362e-4942-b4e6-79f5c3d0f60a (type=HEARTBEAT, length=3071 bytes) from mynifi:8080 in 2 millis
2022-11-14 05:05:24,151 INFO [Clustering Tasks Thread-2] o.a.n.c.c.ClusterProtocolHeartbeater Heartbeat created at 2022-11-14 05:05:24,142 and sent to mynifi:8082 at 2022-11-14 05:05:24,151; send took 9 millis
2022-11-14 05:05:26,833 INFO [Heartbeat Monitor Thread-1] o.a.n.c.c.h.AbstractHeartbeatMonitor Finished processing 1 heartbeats in 2300 nanos
2022-11-14 05:05:29,156 INFO [Process Cluster Protocol Request-3] o.a.n.c.p.impl.SocketProtocolListener Finished processing request 11e8d8fd-bc36-4390-a465-252a3dce1466 (type=HEARTBEAT, length=3071 bytes) from mynifi:8080 in 1 millis
2022-11-14 05:05:29,158 INFO [Clustering Tasks Thread-2] o.a.n.c.c.ClusterProtocolHeartbeater Heartbeat created at 2022-11-14 05:05:29,153 and sent to mynifi:8082 at 2022-11-14 05:05:29,158; send took 4 millis
2022-11-14 05:05:31,737 INFO [pool-13-thread-1] o.a.n.c.r.WriteAheadFlowFileRepository Initiating checkpoint of FlowFile Repository
2022-11-14 05:05:31,738 INFO [pool-13-thread-1] o.a.n.c.r.WriteAheadFlowFileRepository Successfully checkpointed FlowFile Repository with 0 records in 0 milliseconds
2022-11-14 05:05:31,834 INFO [Heartbeat Monitor Thread-1] o.a.n.c.c.h.AbstractHeartbeatMonitor Finished processing 1 heartbeats in 2300 nanos
2022-11-14 05:05:34,162 INFO [Process Cluster Protocol Request-4] o.a.n.c.p.impl.SocketProtocolListener Finished processing request 2157a7b2-e4ad-4198-a495-be2d21389470 (type=HEARTBEAT, length=3071 bytes) from mynifi:8080 in 1 millis
2022-11-14 05:05:34,163 INFO [Clustering Tasks Thread-2] o.a.n.c.c.ClusterProtocolHeartbeater Heartbeat created at 2022-11-14 05:05:34,158 and sent to mynifi:8082 at 2022-11-14 05:05:34,163; send took 4 millis
2022-11-14 05:05:36,835 INFO [Heartbeat Monitor Thread-1] o.a.n.c.c.h.AbstractHeartbeatMonitor Finished processing 1 heartbeats in 2600 nanos
2022-11-14 05:05:39,168 INFO [Process Cluster Protocol Request-5] o.a.n.c.p.impl.SocketProtocolListener Finished processing request 7763d9dd-f062-4ac3-9d96-8577f9ac9658 (type=HEARTBEAT, length=3071 bytes) from mynifi:8080 in 1 millis
2022-11-14 05:05:39,168 INFO [Clustering Tasks Thread-2] o.a.n.c.c.ClusterProtocolHeartbeater Heartbeat created at 2022-11-14 05:05:39,164 and sent to mynifi:8082 at 2022-11-14 05:05:39,168; send took 4 millis
2022-11-14 05:05:41,836 INFO [Heartbeat Monitor Thread-1] o.a.n.c.c.h.AbstractHeartbeatMonitor Finished processing 1 heartbeats in 2400 nanos
2022-11-14 05:05:44,173 INFO [Process Cluster Protocol Request-6] o.a.n.c.p.impl.SocketProtocolListener Finished processing request 4149eb28-66e7-4574-829e-fcef9b51d9a1 (type=HEARTBEAT, length=3071 bytes) from mynifi:8080 in 1 millis
2022-11-14 05:05:44,175 INFO [Clustering Tasks Thread-2] o.a.n.c.c.ClusterProtocolHeartbeater Heartbeat created at 2022-11-14 05:05:44,169 and sent to mynifi:8082 at 2022-11-14 05:05:44,175; send took 5 millis
2022-11-14 05:05:46,837 INFO [Heartbeat Monitor Thread-1] o.a.n.c.c.h.AbstractHeartbeatMonitor Finished processing 1 heartbeats in 2700 nanos
2022-11-14 05:05:49,180 INFO [Process Cluster Protocol Request-8] o.a.n.c.p.impl.SocketProtocolListener Finished processing request 766d7818-86c2-4877-8ba2-78b4011f211d (type=HEARTBEAT, length=3071 bytes) from mynifi:8080 in 1 millis
2022-11-14 05:05:49,180 INFO [Clustering Tasks Thread-2] o.a.n.c.c.ClusterProtocolHeartbeater Heartbeat created at 2022-11-14 05:05:49,176 and sent to mynifi:8082 at 2022-11-14 05:05:49,180; send took 4 millis
2022-11-14 05:05:51,739 INFO [pool-13-thread-1] o.a.n.c.r.WriteAheadFlowFileRepository Initiating checkpoint of FlowFile Repository
2022-11-14 05:05:51,740 INFO [pool-13-thread-1] o.a.n.c.r.WriteAheadFlowFileRepository Successfully checkpointed FlowFile Repository with 0 records in 0 milliseconds
2022-11-14 05:05:51,838 INFO [Heartbeat Monitor Thread-1] o.a.n.c.c.h.AbstractHeartbeatMonitor Finished processing 1 heartbeats in 6500 nanos
2022-11-14 05:05:54,185 INFO [Process Cluster Protocol Request-9] o.a.n.c.p.impl.SocketProtocolListener Finished processing request ae301da6-5d81-499d-985f-fe396374dd0b (type=HEARTBEAT, length=3071 bytes) from mynifi:8080 in 1 millis
2022-11-14 05:05:54,186 INFO [Clustering Tasks Thread-2] o.a.n.c.c.ClusterProtocolHeartbeater Heartbeat created at 2022-11-14 05:05:54,182 and sent to mynifi:8082 at 2022-11-14 05:05:54,186; send took 4 millis
2022-11-14 05:05:54,981 INFO [Write-Ahead Local State Provider Maintenance] org.wali.MinimalLockingWriteAheadLog org.wali.MinimalLockingWriteAheadLog@25589735 checkpointed with 2 Records and 0 Swap Files in 238 milliseconds (Stop-the-world time = 95 milliseconds, Clear Edit Logs time = 129 millis), max Transaction ID 8
2022-11-14 05:05:56,840 INFO [Heartbeat Monitor Thread-1] o.a.n.c.c.h.AbstractHeartbeatMonitor Finished processing 1 heartbeats in 6700 nanos
2022-11-14 05:05:59,193 INFO [Process Cluster Protocol Request-10] o.a.n.c.p.impl.SocketProtocolListener Finished processing request 3009279f-095b-4ede-b6de-dadd0b2ebd4a (type=HEARTBEAT, length=3071 bytes) from mynifi:8080 in 2 millis
2022-11-14 05:05:59,196 INFO [Clustering Tasks Thread-2] o.a.n.c.c.ClusterProtocolHeartbeater Heartbeat created at 2022-11-14 05:05:59,188 and sent to mynifi:8082 at 2022-11-14 05:05:59,196; send took 8 millis
2022-11-14 05:06:01,842 INFO [Heartbeat Monitor Thread-1] o.a.n.c.c.h.AbstractHeartbeatMonitor Finished processing 1 heartbeats in 5100 nanos
2022-11-14 05:06:04,202 INFO [Process Cluster Protocol Request-7] o.a.n.c.p.impl.SocketProtocolListener Finished processing request e956bc1b-6e2a-4089-9172-89155b30fdaf (type=HEARTBEAT, length=3071 bytes) from mynifi:8080 in 1 millis
2022-11-14 05:06:04,203 INFO [Clustering Tasks Thread-2] o.a.n.c.c.ClusterProtocolHeartbeater Heartbeat created at 2022-11-14 05:06:04,199 and sent to mynifi:8082 at 2022-11-14 05:06:04,203; send took 3 millis
2022-11-14 05:06:06,844 INFO [Heartbeat Monitor Thread-1] o.a.n.c.c.h.AbstractHeartbeatMonitor Finished processing 1 heartbeats in 2300 nanos
2022-11-14 05:06:09,210 INFO [Process Cluster Protocol Request-1] o.a.n.c.p.impl.SocketProtocolListener Finished processing request ae9b7672-3cef-419d-9000-7df9dd8eb034 (type=HEARTBEAT, length=3071 bytes) from mynifi:8080 in 2 millis
2022-11-14 05:06:09,211 INFO [Clustering Tasks Thread-2] o.a.n.c.c.ClusterProtocolHeartbeater Heartbeat created at 2022-11-14 05:06:09,204 and sent to mynifi:8082 at 2022-11-14 05:06:09,211; send took 7 millis
2022-11-14 05:06:11,740 INFO [pool-13-thread-1] o.a.n.c.r.WriteAheadFlowFileRepository Initiating checkpoint of FlowFile Repository
2022-11-14 05:06:11,742 INFO [pool-13-thread-1] o.a.n.c.r.WriteAheadFlowFileRepository Successfully checkpointed FlowFile Repository with 0 records in 0 milliseconds
2022-11-14 05:06:11,845 INFO [Heartbeat Monitor Thread-1] o.a.n.c.c.h.AbstractHeartbeatMonitor Finished processing 1 heartbeats in 2800 nanos
2022-11-14 05:06:14,223 INFO [Process Cluster Protocol Request-2] o.a.n.c.p.impl.SocketProtocolListener Finished processing request 64ab64c0-ee10-4bc6-9b1d-97ac0823f82e (type=HEARTBEAT, length=3071 bytes) from mynifi:8080 in 4 millis
2022-11-14 05:06:14,225 INFO [Clustering Tasks Thread-2] o.a.n.c.c.ClusterProtocolHeartbeater Heartbeat created at 2022-11-14 05:06:14,213 and sent to mynifi:8082 at 2022-11-14 05:06:14,225; send took 12 millis
2022-11-14 05:06:15,647 INFO [Cleanup Archive for default] o.a.n.c.repository.FileSystemRepository Successfully deleted 0 files (0 bytes) from archive
2022-11-14 05:06:16,846 INFO [Heartbeat Monitor Thread-1] o.a.n.c.c.h.AbstractHeartbeatMonitor Finished processing 1 heartbeats in 2300 nanos
2022-11-14 05:06:19,231 INFO [Process Cluster Protocol Request-3] o.a.n.c.p.impl.SocketProtocolListener Finished processing request b3cd6efc-5a26-498a-9812-cb8900251f9a (type=HEARTBEAT, length=3071 bytes) from mynifi:8080 in 1 millis
2022-11-14 05:06:19,232 INFO [Clustering Tasks Thread-2] o.a.n.c.c.ClusterProtocolHeartbeater Heartbeat created at 2022-11-14 05:06:19,227 and sent to mynifi:8082 at 2022-11-14 05:06:19,232; send took 4 millis
2022-11-14 05:06:21,847 INFO [Heartbeat Monitor Thread-1] o.a.n.c.c.h.AbstractHeartbeatMonitor Finished processing 1 heartbeats in 2100 nanos
2022-11-14 05:06:24,243 INFO [Process Cluster Protocol Request-4] o.a.n.c.p.impl.SocketProtocolListener Finished processing request d7036fb2-facf-4335-9f16-e9d96bfa59ce (type=HEARTBEAT, length=3071 bytes) from mynifi:8080 in 3 millis
2022-11-14 05:06:24,246 INFO [Clustering Tasks Thread-2] o.a.n.c.c.ClusterProtocolHeartbeater Heartbeat created at 2022-11-14 05:06:24,234 and sent to mynifi:8082 at 2022-11-14 05:06:24,246; send took 11 millis
2022-11-14 05:06:26,849 INFO [Heartbeat Monitor Thread-1] o.a.n.c.c.h.AbstractHeartbeatMonitor Finished processing 1 heartbeats in 3600 nanos
2022-11-14 05:06:29,259 INFO [Process Cluster Protocol Request-5] o.a.n.c.p.impl.SocketProtocolListener Finished processing request 4dd0ed76-386f-4612-b66e-7059c4d6348f (type=HEARTBEAT, length=3071 bytes) from mynifi:8080 in 3 millis
2022-11-14 05:06:29,261 INFO [Clustering Tasks Thread-2] o.a.n.c.c.ClusterProtocolHeartbeater Heartbeat created at 2022-11-14 05:06:29,248 and sent to mynifi:8082 at 2022-11-14 05:06:29,261; send took 12 millis
2022-11-14 05:06:31,743 INFO [pool-13-thread-1] o.a.n.c.r.WriteAheadFlowFileRepository Initiating checkpoint of FlowFile Repository
2022-11-14 05:06:31,744 INFO [pool-13-thread-1] o.a.n.c.r.WriteAheadFlowFileRepository Successfully checkpointed FlowFile Repository with 0 records in 0 milliseconds
2022-11-14 05:06:31,850 INFO [Heartbeat Monitor Thread-1] o.a.n.c.c.h.AbstractHeartbeatMonitor Finished processing 1 heartbeats in 2600 nanos
2022-11-14 05:06:34,272 INFO [Process Cluster Protocol Request-6] o.a.n.c.p.impl.SocketProtocolListener Finished processing request d6950047-898a-49c5-8ab9-806c4341cdfc (type=HEARTBEAT, length=3071 bytes) from mynifi:8080 in 2 millis
2022-11-14 05:06:34,274 INFO [Clustering Tasks Thread-2] o.a.n.c.c.ClusterProtocolHeartbeater Heartbeat created at 2022-11-14 05:06:34,263 and sent to mynifi:8082 at 2022-11-14 05:06:34,274; send took 10 millis
2022-11-14 05:06:36,851 INFO [Heartbeat Monitor Thread-1] o.a.n.c.c.h.AbstractHeartbeatMonitor Finished processing 1 heartbeats in 2300 nanos
2022-11-14 05:06:39,279 INFO [Process Cluster Protocol Request-8] o.a.n.c.p.impl.SocketProtocolListener Finished processing request f857c6f5-5e19-44b4-8739-50f06e4b78de (type=HEARTBEAT, length=3071 bytes) from mynifi:8080 in 1 millis
2022-11-14 05:06:39,281 INFO [Clustering Tasks Thread-2] o.a.n.c.c.ClusterProtocolHeartbeater Heartbeat created at 2022-11-14 05:06:39,276 and sent to mynifi:8082 at 2022-11-14 05:06:39,281; send took 4 millis
2022-11-14 05:06:41,852 INFO [Heartbeat Monitor Thread-1] o.a.n.c.c.h.AbstractHeartbeatMonitor Finished processing 1 heartbeats in 2900 nanos
2022-11-14 05:06:44,285 INFO [Process Cluster Protocol Request-9] o.a.n.c.p.impl.SocketProtocolListener Finished processing request 4cba7b9c-d9af-4c28-8181-432713dd042e (type=HEARTBEAT, length=3071 bytes) from mynifi:8080 in 1 millis
2022-11-14 05:06:44,286 INFO [Clustering Tasks Thread-2] o.a.n.c.c.ClusterProtocolHeartbeater Heartbeat created at 2022-11-14 05:06:44,282 and sent to mynifi:8082 at 2022-11-14 05:06:44,286; send took 4 millis
2022-11-14 05:06:46,854 INFO [Heartbeat Monitor Thread-1] o.a.n.c.c.h.AbstractHeartbeatMonitor Finished processing 1 heartbeats in 4000 nanos
2022-11-14 05:06:49,291 INFO [Process Cluster Protocol Request-10] o.a.n.c.p.impl.SocketProtocolListener Finished processing request 5447696e-5970-41a3-a406-ecc97fe28cbc (type=HEARTBEAT, length=3071 bytes) from mynifi:8080 in 1 millis
2022-11-14 05:06:49,291 INFO [Clustering Tasks Thread-2] o.a.n.c.c.ClusterProtocolHeartbeater Heartbeat created at 2022-11-14 05:06:49,287 and sent to mynifi:8082 at 2022-11-14 05:06:49,291; send took 4 millis
2022-11-14 05:06:51,744 INFO [pool-13-thread-1] o.a.n.c.r.WriteAheadFlowFileRepository Initiating checkpoint of FlowFile Repository
2022-11-14 05:06:51,745 INFO [pool-13-thread-1] o.a.n.c.r.WriteAheadFlowFileRepository Successfully checkpointed FlowFile Repository with 0 records in 0 milliseconds
2022-11-14 05:06:51,855 INFO [Heartbeat Monitor Thread-1] o.a.n.c.c.h.AbstractHeartbeatMonitor Finished processing 1 heartbeats in 2900 nanos
2022-11-14 05:06:54,296 INFO [Process Cluster Protocol Request-7] o.a.n.c.p.impl.SocketProtocolListener Finished processing request ae958b85-732f-4b21-8d20-09daccb86521 (type=HEARTBEAT, length=3071 bytes) from mynifi:8080 in 1 millis
2022-11-14 05:06:54,297 INFO [Clustering Tasks Thread-2] o.a.n.c.c.ClusterProtocolHeartbeater Heartbeat created at 2022-11-14 05:06:54,292 and sent to mynifi:8082 at 2022-11-14 05:06:54,297; send took 4 millis
2022-11-14 05:06:56,857 INFO [Heartbeat Monitor Thread-1] o.a.n.c.c.h.AbstractHeartbeatMonitor Finished processing 1 heartbeats in 2600 nanos
2022-11-14 05:06:59,301 INFO [Process Cluster Protocol Request-1] o.a.n.c.p.impl.SocketProtocolListener Finished processing request cbfdb2d5-9f38-45e7-b7c5-29179e2b0b02 (type=HEARTBEAT, length=3071 bytes) from mynifi:8080 in 1 millis
2022-11-14 05:06:59,302 INFO [Clustering Tasks Thread-2] o.a.n.c.c.ClusterProtocolHeartbeater Heartbeat created at 2022-11-14 05:06:59,297 and sent to mynifi:8082 at 2022-11-14 05:06:59,302; send took 4 millis
2022-11-14 05:07:01,858 INFO [Heartbeat Monitor Thread-1] o.a.n.c.c.h.AbstractHeartbeatMonitor Finished processing 1 heartbeats in 2700 nanos
2022-11-14 05:07:04,307 INFO [Process Cluster Protocol Request-2] o.a.n.c.p.impl.SocketProtocolListener Finished processing request c29265d4-dbe8-4e4f-8842-ae31c6cb29b2 (type=HEARTBEAT, length=3071 bytes) from mynifi:8080 in 1 millis
2022-11-14 05:07:04,307 INFO [Clustering Tasks Thread-2] o.a.n.c.c.ClusterProtocolHeartbeater Heartbeat created at 2022-11-14 05:07:04,303 and sent to mynifi:8082 at 2022-11-14 05:07:04,307; send took 4 millis
2022-11-14 05:07:06,859 INFO [Heartbeat Monitor Thread-1] o.a.n.c.c.h.AbstractHeartbeatMonitor Finished processing 1 heartbeats in 2500 nanos
2022-11-14 05:07:09,318 INFO [Process Cluster Protocol Request-3] o.a.n.c.p.impl.SocketProtocolListener Finished processing request d164287d-b917-40ac-b414-88b72198b201 (type=HEARTBEAT, length=3071 bytes) from mynifi:8080 in 2 millis
2022-11-14 05:07:09,320 INFO [Clustering Tasks Thread-2] o.a.n.c.c.ClusterProtocolHeartbeater Heartbeat created at 2022-11-14 05:07:09,309 and sent to mynifi:8082 at 2022-11-14 05:07:09,320; send took 10 millis
2022-11-14 05:07:11,746 INFO [pool-13-thread-1] o.a.n.c.r.WriteAheadFlowFileRepository Initiating checkpoint of FlowFile Repository
2022-11-14 05:07:11,747 INFO [pool-13-thread-1] o.a.n.c.r.WriteAheadFlowFileRepository Successfully checkpointed FlowFile Repository with 0 records in 0 milliseconds
2022-11-14 05:07:11,861 INFO [Heartbeat Monitor Thread-1] o.a.n.c.c.h.AbstractHeartbeatMonitor Finished processing 1 heartbeats in 6100 nanos
2022-11-14 05:07:14,324 INFO [Process Cluster Protocol Request-4] o.a.n.c.p.impl.SocketProtocolListener Finished processing request fa2d0c16-f013-4cbc-887a-0023158c6176 (type=HEARTBEAT, length=3071 bytes) from mynifi:8080 in 959400 nanos
2022-11-14 05:07:14,325 INFO [Clustering Tasks Thread-2] o.a.n.c.c.ClusterProtocolHeartbeater Heartbeat created at 2022-11-14 05:07:14,322 and sent to mynifi:8082 at 2022-11-14 05:07:14,325; send took 3 millis
2022-11-14 05:07:16,539 INFO [Cleanup Archive for default] o.a.n.c.repository.FileSystemRepository Successfully deleted 0 files (0 bytes) from archive
2022-11-14 05:07:16,863 INFO [Heartbeat Monitor Thread-1] o.a.n.c.c.h.AbstractHeartbeatMonitor Finished processing 1 heartbeats in 5900 nanos
2022-11-14 05:07:19,330 INFO [Process Cluster Protocol Request-5] o.a.n.c.p.impl.SocketProtocolListener Finished processing request 80f55eec-c29a-452d-8372-277fe68c2396 (type=HEARTBEAT, length=3071 bytes) from mynifi:8080 in 1 millis
2022-11-14 05:07:19,331 INFO [Clustering Tasks Thread-2] o.a.n.c.c.ClusterProtocolHeartbeater Heartbeat created at 2022-11-14 05:07:19,326 and sent to mynifi:8082 at 2022-11-14 05:07:19,331; send took 4 millis
2022-11-14 05:07:21,866 INFO [Heartbeat Monitor Thread-1] o.a.n.c.c.h.AbstractHeartbeatMonitor Finished processing 1 heartbeats in 2400 nanos
2022-11-14 05:07:24,335 INFO [Process Cluster Protocol Request-6] o.a.n.c.p.impl.SocketProtocolListener Finished processing request 5226bc49-d390-4ce0-8fe2-31d2e321f05d (type=HEARTBEAT, length=3071 bytes) from mynifi:8080 in 1 millis
2022-11-14 05:07:24,336 INFO [Clustering Tasks Thread-2] o.a.n.c.c.ClusterProtocolHeartbeater Heartbeat created at 2022-11-14 05:07:24,332 and sent to mynifi:8082 at 2022-11-14 05:07:24,336; send took 3 millis
2022-11-14 05:07:26,867 INFO [Heartbeat Monitor Thread-1] o.a.n.c.c.h.AbstractHeartbeatMonitor Finished processing 1 heartbeats in 2800 nanos
2022-11-14 05:07:29,347 INFO [Process Cluster Protocol Request-8] o.a.n.c.p.impl.SocketProtocolListener Finished processing request e178bdee-d553-4f33-96f1-6ebc8aa797f2 (type=HEARTBEAT, length=3071 bytes) from mynifi:8080 in 2 millis
2022-11-14 05:07:29,349 INFO [Clustering Tasks Thread-2] o.a.n.c.c.ClusterProtocolHeartbeater Heartbeat created at 2022-11-14 05:07:29,337 and sent to mynifi:8082 at 2022-11-14 05:07:29,349; send took 11 millis
2022-11-14 05:07:31,748 INFO [pool-13-thread-1] o.a.n.c.r.WriteAheadFlowFileRepository Initiating checkpoint of FlowFile Repository
2022-11-14 05:07:31,749 INFO [pool-13-thread-1] o.a.n.c.r.WriteAheadFlowFileRepository Successfully checkpointed FlowFile Repository with 0 records in 0 milliseconds
2022-11-14 05:07:31,868 INFO [Heartbeat Monitor Thread-1] o.a.n.c.c.h.AbstractHeartbeatMonitor Finished processing 1 heartbeats in 2700 nanos
2022-11-14 05:07:34,355 INFO [Process Cluster Protocol Request-9] o.a.n.c.p.impl.SocketProtocolListener Finished processing request 676e665f-bc3a-49f6-aa7a-18bae8606c67 (type=HEARTBEAT, length=3071 bytes) from mynifi:8080 in 1 millis
2022-11-14 05:07:34,357 INFO [Clustering Tasks Thread-2] o.a.n.c.c.ClusterProtocolHeartbeater Heartbeat created at 2022-11-14 05:07:34,352 and sent to mynifi:8082 at 2022-11-14 05:07:34,357; send took 5 millis
2022-11-14 05:07:36,869 INFO [Heartbeat Monitor Thread-1] o.a.n.c.c.h.AbstractHeartbeatMonitor Finished processing 1 heartbeats in 4400 nanos
2022-11-14 05:07:39,362 INFO [Process Cluster Protocol Request-10] o.a.n.c.p.impl.SocketProtocolListener Finished processing request 359adc31-164d-4ca6-815c-0a53f9457d19 (type=HEARTBEAT, length=3071 bytes) from mynifi:8080 in 1 millis
2022-11-14 05:07:39,364 INFO [Clustering Tasks Thread-2] o.a.n.c.c.ClusterProtocolHeartbeater Heartbeat created at 2022-11-14 05:07:39,358 and sent to mynifi:8082 at 2022-11-14 05:07:39,364; send took 5 millis
2022-11-14 05:07:41,871 INFO [Heartbeat Monitor Thread-1] o.a.n.c.c.h.AbstractHeartbeatMonitor Finished processing 1 heartbeats in 2200 nanos
2022-11-14 05:07:44,375 INFO [Process Cluster Protocol Request-7] o.a.n.c.p.impl.SocketProtocolListener Finished processing request 1f5339ad-70be-4d37-aa7f-e7141a3b7df6 (type=HEARTBEAT, length=3071 bytes) from mynifi:8080 in 3 millis
2022-11-14 05:07:44,378 INFO [Clustering Tasks Thread-2] o.a.n.c.c.ClusterProtocolHeartbeater Heartbeat created at 2022-11-14 05:07:44,365 and sent to mynifi:8082 at 2022-11-14 05:07:44,378; send took 12 millis
2022-11-14 05:07:46,872 INFO [Heartbeat Monitor Thread-1] o.a.n.c.c.h.AbstractHeartbeatMonitor Finished processing 1 heartbeats in 13200 nanos
2022-11-14 05:07:49,383 INFO [Process Cluster Protocol Request-1] o.a.n.c.p.impl.SocketProtocolListener Finished processing request 73501230-df20-41f3-b1e8-fa480ed540fc (type=HEARTBEAT, length=3071 bytes) from mynifi:8080 in 954500 nanos
2022-11-14 05:07:49,384 INFO [Clustering Tasks Thread-2] o.a.n.c.c.ClusterProtocolHeartbeater Heartbeat created at 2022-11-14 05:07:49,380 and sent to mynifi:8082 at 2022-11-14 05:07:49,384; send took 3 millis
2022-11-14 05:07:51,750 INFO [pool-13-thread-1] o.a.n.c.r.WriteAheadFlowFileRepository Initiating checkpoint of FlowFile Repository
2022-11-14 05:07:51,752 INFO [pool-13-thread-1] o.a.n.c.r.WriteAheadFlowFileRepository Successfully checkpointed FlowFile Repository with 0 records in 0 milliseconds
2022-11-14 05:07:51,874 INFO [Heartbeat Monitor Thread-1] o.a.n.c.c.h.AbstractHeartbeatMonitor Finished processing 1 heartbeats in 2500 nanos
2022-11-14 05:07:54,388 INFO [Process Cluster Protocol Request-2] o.a.n.c.p.impl.SocketProtocolListener Finished processing request 5854c52e-545e-43cc-a678-235af2b15d88 (type=HEARTBEAT, length=3071 bytes) from mynifi:8080 in 1 millis
2022-11-14 05:07:54,389 INFO [Clustering Tasks Thread-2] o.a.n.c.c.ClusterProtocolHeartbeater Heartbeat created at 2022-11-14 05:07:54,385 and sent to mynifi:8082 at 2022-11-14 05:07:54,389; send took 4 millis
2022-11-14 05:07:55,257 INFO [Write-Ahead Local State Provider Maintenance] org.wali.MinimalLockingWriteAheadLog org.wali.MinimalLockingWriteAheadLog@25589735 checkpointed with 2 Records and 0 Swap Files in 275 milliseconds (Stop-the-world time = 80 milliseconds, Clear Edit Logs time = 171 millis), max Transaction ID 8
2022-11-14 05:07:56,875 INFO [Heartbeat Monitor Thread-1] o.a.n.c.c.h.AbstractHeartbeatMonitor Finished processing 1 heartbeats in 2700 nanos
2022-11-14 05:07:59,399 INFO [Process Cluster Protocol Request-3] o.a.n.c.p.impl.SocketProtocolListener Finished processing request 4c551955-336f-45a3-b815-f1f474978d25 (type=HEARTBEAT, length=3071 bytes) from mynifi:8080 in 3 millis
2022-11-14 05:07:59,402 INFO [Clustering Tasks Thread-2] o.a.n.c.c.ClusterProtocolHeartbeater Heartbeat created at 2022-11-14 05:07:59,390 and sent to mynifi:8082 at 2022-11-14 05:07:59,402; send took 11 millis
2022-11-14 05:08:01,877 INFO [Heartbeat Monitor Thread-1] o.a.n.c.c.h.AbstractHeartbeatMonitor Finished processing 1 heartbeats in 2800 nanos
2022-11-14 05:08:04,407 INFO [Process Cluster Protocol Request-4] o.a.n.c.p.impl.SocketProtocolListener Finished processing request 0c1d704e-b37f-425b-ad98-d4724c69117b (type=HEARTBEAT, length=3071 bytes) from mynifi:8080 in 1 millis
2022-11-14 05:08:04,409 INFO [Clustering Tasks Thread-2] o.a.n.c.c.ClusterProtocolHeartbeater Heartbeat created at 2022-11-14 05:08:04,404 and sent to mynifi:8082 at 2022-11-14 05:08:04,409; send took 4 millis
2022-11-14 05:08:06,878 INFO [Heartbeat Monitor Thread-1] o.a.n.c.c.h.AbstractHeartbeatMonitor Finished processing 1 heartbeats in 2200 nanos
2022-11-14 05:08:09,418 INFO [Process Cluster Protocol Request-5] o.a.n.c.p.impl.SocketProtocolListener Finished processing request 25179722-4a18-4470-8e57-1dce4605ad61 (type=HEARTBEAT, length=3071 bytes) from mynifi:8080 in 2 millis
2022-11-14 05:08:09,421 INFO [Clustering Tasks Thread-2] o.a.n.c.c.ClusterProtocolHeartbeater Heartbeat created at 2022-11-14 05:08:09,410 and sent to mynifi:8082 at 2022-11-14 05:08:09,421; send took 11 millis
2022-11-14 05:08:11,754 INFO [pool-13-thread-1] o.a.n.c.r.WriteAheadFlowFileRepository Initiating checkpoint of FlowFile Repository
2022-11-14 05:08:11,756 INFO [pool-13-thread-1] o.a.n.c.r.WriteAheadFlowFileRepository Successfully checkpointed FlowFile Repository with 0 records in 0 milliseconds
2022-11-14 05:08:11,879 INFO [Heartbeat Monitor Thread-1] o.a.n.c.c.h.AbstractHeartbeatMonitor Finished processing 1 heartbeats in 2900 nanos
2022-11-14 05:08:14,429 INFO [Process Cluster Protocol Request-6] o.a.n.c.p.impl.SocketProtocolListener Finished processing request e4bbabf9-fe25-4ac2-8ecd-fc3994942244 (type=HEARTBEAT, length=3071 bytes) from mynifi:8080 in 1 millis
2022-11-14 05:08:14,430 INFO [Clustering Tasks Thread-2] o.a.n.c.c.ClusterProtocolHeartbeater Heartbeat created at 2022-11-14 05:08:14,424 and sent to mynifi:8082 at 2022-11-14 05:08:14,430; send took 6 millis
2022-11-14 05:08:16,880 INFO [Heartbeat Monitor Thread-1] o.a.n.c.c.h.AbstractHeartbeatMonitor Finished processing 1 heartbeats in 2600 nanos
2022-11-14 05:08:17,648 INFO [Cleanup Archive for default] o.a.n.c.repository.FileSystemRepository Successfully deleted 0 files (0 bytes) from archive
2022-11-14 05:08:19,436 INFO [Process Cluster Protocol Request-8] o.a.n.c.p.impl.SocketProtocolListener Finished processing request b915ddea-e29d-4032-ab40-0b6cafe1aec5 (type=HEARTBEAT, length=3071 bytes) from mynifi:8080 in 937100 nanos
2022-11-14 05:08:19,437 INFO [Clustering Tasks Thread-2] o.a.n.c.c.ClusterProtocolHeartbeater Heartbeat created at 2022-11-14 05:08:19,433 and sent to mynifi:8082 at 2022-11-14 05:08:19,437; send took 3 millis
2022-11-14 05:08:21,881 INFO [Heartbeat Monitor Thread-1] o.a.n.c.c.h.AbstractHeartbeatMonitor Finished processing 1 heartbeats in 5700 nanos
2022-11-14 05:08:24,446 INFO [Process Cluster Protocol Request-9] o.a.n.c.p.impl.SocketProtocolListener Finished processing request c6c237f6-07df-45b4-a060-ba1116492a23 (type=HEARTBEAT, length=3071 bytes) from mynifi:8080 in 2 millis
2022-11-14 05:08:24,448 INFO [Clustering Tasks Thread-2] o.a.n.c.c.ClusterProtocolHeartbeater Heartbeat created at 2022-11-14 05:08:24,439 and sent to mynifi:8082 at 2022-11-14 05:08:24,448; send took 9 millis
2022-11-14 05:08:26,883 INFO [Heartbeat Monitor Thread-1] o.a.n.c.c.h.AbstractHeartbeatMonitor Finished processing 1 heartbeats in 2700 nanos
2022-11-14 05:08:29,453 INFO [Process Cluster Protocol Request-10] o.a.n.c.p.impl.SocketProtocolListener Finished processing request 163ffb28-20fe-4c1e-bfad-9f7f58cbd32f (type=HEARTBEAT, length=3071 bytes) from mynifi:8080 in 1 millis
2022-11-14 05:08:29,454 INFO [Clustering Tasks Thread-2] o.a.n.c.c.ClusterProtocolHeartbeater Heartbeat created at 2022-11-14 05:08:29,450 and sent to mynifi:8082 at 2022-11-14 05:08:29,454; send took 3 millis
2022-11-14 05:08:31,756 INFO [pool-13-thread-1] o.a.n.c.r.WriteAheadFlowFileRepository Initiating checkpoint of FlowFile Repository
2022-11-14 05:08:31,757 INFO [pool-13-thread-1] o.a.n.c.r.WriteAheadFlowFileRepository Successfully checkpointed FlowFile Repository with 0 records in 0 milliseconds
2022-11-14 05:08:31,884 INFO [Heartbeat Monitor Thread-1] o.a.n.c.c.h.AbstractHeartbeatMonitor Finished processing 1 heartbeats in 2600 nanos
2022-11-14 05:08:34,463 INFO [Process Cluster Protocol Request-7] o.a.n.c.p.impl.SocketProtocolListener Finished processing request 9d46a3da-e376-4b2b-acbd-3ae225e5f45c (type=HEARTBEAT, length=3071 bytes) from mynifi:8080 in 2 millis
2022-11-14 05:08:34,465 INFO [Clustering Tasks Thread-2] o.a.n.c.c.ClusterProtocolHeartbeater Heartbeat created at 2022-11-14 05:08:34,455 and sent to mynifi:8082 at 2022-11-14 05:08:34,465; send took 10 millis
2022-11-14 05:08:36,885 INFO [Heartbeat Monitor Thread-1] o.a.n.c.c.h.AbstractHeartbeatMonitor Finished processing 1 heartbeats in 3200 nanos
2022-11-14 05:08:39,471 INFO [Process Cluster Protocol Request-1] o.a.n.c.p.impl.SocketProtocolListener Finished processing request 15211ba7-2018-4c41-b07c-089b27c1c6f6 (type=HEARTBEAT, length=3071 bytes) from mynifi:8080 in 973100 nanos
2022-11-14 05:08:39,471 INFO [Clustering Tasks Thread-2] o.a.n.c.c.ClusterProtocolHeartbeater Heartbeat created at 2022-11-14 05:08:39,467 and sent to mynifi:8082 at 2022-11-14 05:08:39,471; send took 4 millis
2022-11-14 05:08:41,886 INFO [Heartbeat Monitor Thread-1] o.a.n.c.c.h.AbstractHeartbeatMonitor Finished processing 1 heartbeats in 2600 nanos
2022-11-14 05:08:44,476 INFO [Process Cluster Protocol Request-2] o.a.n.c.p.impl.SocketProtocolListener Finished processing request ce6f6351-49bd-4a9f-a3c8-81e71bce6b2d (type=HEARTBEAT, length=3071 bytes) from mynifi:8080 in 1 millis
2022-11-14 05:08:44,477 INFO [Clustering Tasks Thread-2] o.a.n.c.c.ClusterProtocolHeartbeater Heartbeat created at 2022-11-14 05:08:44,472 and sent to mynifi:8082 at 2022-11-14 05:08:44,477; send took 4 millis
2022-11-14 05:08:46,887 INFO [Heartbeat Monitor Thread-1] o.a.n.c.c.h.AbstractHeartbeatMonitor Finished processing 1 heartbeats in 2300 nanos
2022-11-14 05:08:49,482 INFO [Process Cluster Protocol Request-3] o.a.n.c.p.impl.SocketProtocolListener Finished processing request 0311b2b4-1497-4cc6-9831-4ec9a03e2bef (type=HEARTBEAT, length=3071 bytes) from mynifi:8080 in 1 millis
2022-11-14 05:08:49,483 INFO [Clustering Tasks Thread-2] o.a.n.c.c.ClusterProtocolHeartbeater Heartbeat created at 2022-11-14 05:08:49,479 and sent to mynifi:8082 at 2022-11-14 05:08:49,483; send took 4 millis
2022-11-14 05:08:51,759 INFO [pool-13-thread-1] o.a.n.c.r.WriteAheadFlowFileRepository Initiating checkpoint of FlowFile Repository
2022-11-14 05:08:51,761 INFO [pool-13-thread-1] o.a.n.c.r.WriteAheadFlowFileRepository Successfully checkpointed FlowFile Repository with 0 records in 0 milliseconds
2022-11-14 05:08:51,888 INFO [Heartbeat Monitor Thread-1] o.a.n.c.c.h.AbstractHeartbeatMonitor Finished processing 1 heartbeats in 2400 nanos
2022-11-14 05:08:54,488 INFO [Process Cluster Protocol Request-4] o.a.n.c.p.impl.SocketProtocolListener Finished processing request e55ff84e-cff7-4a76-af23-3ccf8eeeecef (type=HEARTBEAT, length=3071 bytes) from mynifi:8080 in 1 millis
2022-11-14 05:08:54,490 INFO [Clustering Tasks Thread-2] o.a.n.c.c.ClusterProtocolHeartbeater Heartbeat created at 2022-11-14 05:08:54,484 and sent to mynifi:8082 at 2022-11-14 05:08:54,490; send took 6 millis
2022-11-14 05:08:56,889 INFO [Heartbeat Monitor Thread-1] o.a.n.c.c.h.AbstractHeartbeatMonitor Finished processing 1 heartbeats in 3000 nanos
2022-11-14 05:08:59,494 INFO [Process Cluster Protocol Request-5] o.a.n.c.p.impl.SocketProtocolListener Finished processing request db0a8ba0-d581-4d97-98d7-66f50e02732c (type=HEARTBEAT, length=3071 bytes) from mynifi:8080 in 1 millis
2022-11-14 05:08:59,495 INFO [Clustering Tasks Thread-2] o.a.n.c.c.ClusterProtocolHeartbeater Heartbeat created at 2022-11-14 05:08:59,491 and sent to mynifi:8082 at 2022-11-14 05:08:59,495; send took 4 millis
2022-11-14 05:09:01,890 INFO [Heartbeat Monitor Thread-1] o.a.n.c.c.h.AbstractHeartbeatMonitor Finished processing 1 heartbeats in 2500 nanos
2022-11-14 05:09:04,502 INFO [Process Cluster Protocol Request-6] o.a.n.c.p.impl.SocketProtocolListener Finished processing request 4097bb8a-c7a7-497b-8cc0-1b59d2fdb2f6 (type=HEARTBEAT, length=3071 bytes) from mynifi:8080 in 1 millis
2022-11-14 05:09:04,503 INFO [Clustering Tasks Thread-2] o.a.n.c.c.ClusterProtocolHeartbeater Heartbeat created at 2022-11-14 05:09:04,496 and sent to mynifi:8082 at 2022-11-14 05:09:04,503; send took 6 millis
2022-11-14 05:09:06,891 INFO [Heartbeat Monitor Thread-1] o.a.n.c.c.h.AbstractHeartbeatMonitor Finished processing 1 heartbeats in 22700 nanos
2022-11-14 05:09:09,512 INFO [Process Cluster Protocol Request-8] o.a.n.c.p.impl.SocketProtocolListener Finished processing request 5a19c0aa-9fd1-44b1-a57e-f70da9c3815a (type=HEARTBEAT, length=3071 bytes) from mynifi:8080 in 1 millis
2022-11-14 05:09:09,513 INFO [Clustering Tasks Thread-2] o.a.n.c.c.ClusterProtocolHeartbeater Heartbeat created at 2022-11-14 05:09:09,506 and sent to mynifi:8082 at 2022-11-14 05:09:09,513; send took 7 millis
2022-11-14 05:09:11,764 INFO [pool-13-thread-1] o.a.n.c.r.WriteAheadFlowFileRepository Initiating checkpoint of FlowFile Repository
2022-11-14 05:09:11,765 INFO [pool-13-thread-1] o.a.n.c.r.WriteAheadFlowFileRepository Successfully checkpointed FlowFile Repository with 0 records in 0 milliseconds
2022-11-14 05:09:11,893 INFO [Heartbeat Monitor Thread-1] o.a.n.c.c.h.AbstractHeartbeatMonitor Finished processing 1 heartbeats in 6500 nanos
2022-11-14 05:09:14,519 INFO [Process Cluster Protocol Request-9] o.a.n.c.p.impl.SocketProtocolListener Finished processing request 36b8ae4f-605d-43bd-b384-56e86efa21cb (type=HEARTBEAT, length=3071 bytes) from mynifi:8080 in 1 millis
2022-11-14 05:09:14,519 INFO [Clustering Tasks Thread-2] o.a.n.c.c.ClusterProtocolHeartbeater Heartbeat created at 2022-11-14 05:09:14,515 and sent to mynifi:8082 at 2022-11-14 05:09:14,519; send took 4 millis
2022-11-14 05:09:16,895 INFO [Heartbeat Monitor Thread-1] o.a.n.c.c.h.AbstractHeartbeatMonitor Finished processing 1 heartbeats in 3200 nanos
2022-11-14 05:09:18,670 INFO [Cleanup Archive for default] o.a.n.c.repository.FileSystemRepository Successfully deleted 0 files (0 bytes) from archive
2022-11-14 05:09:19,524 INFO [Process Cluster Protocol Request-10] o.a.n.c.p.impl.SocketProtocolListener Finished processing request d711a8f8-5eff-4a51-a72d-4c349c650b88 (type=HEARTBEAT, length=3071 bytes) from mynifi:8080 in 1 millis
2022-11-14 05:09:19,525 INFO [Clustering Tasks Thread-2] o.a.n.c.c.ClusterProtocolHeartbeater Heartbeat created at 2022-11-14 05:09:19,520 and sent to mynifi:8082 at 2022-11-14 05:09:19,525; send took 4 millis
2022-11-14 05:09:21,896 INFO [Heartbeat Monitor Thread-1] o.a.n.c.c.h.AbstractHeartbeatMonitor Finished processing 1 heartbeats in 2400 nanos
2022-11-14 05:09:24,529 INFO [Process Cluster Protocol Request-7] o.a.n.c.p.impl.SocketProtocolListener Finished processing request c7c75a97-d645-424b-8de7-f50d50f82923 (type=HEARTBEAT, length=3071 bytes) from mynifi:8080 in 1 millis
2022-11-14 05:09:24,530 INFO [Clustering Tasks Thread-2] o.a.n.c.c.ClusterProtocolHeartbeater Heartbeat created at 2022-11-14 05:09:24,526 and sent to mynifi:8082 at 2022-11-14 05:09:24,530; send took 3 millis
2022-11-14 05:09:26,897 INFO [Heartbeat Monitor Thread-1] o.a.n.c.c.h.AbstractHeartbeatMonitor Finished processing 1 heartbeats in 2500 nanos
2022-11-14 05:09:29,536 INFO [Process Cluster Protocol Request-1] o.a.n.c.p.impl.SocketProtocolListener Finished processing request 30af6103-2c86-4e94-8e4f-dd6f10f4a5d4 (type=HEARTBEAT, length=3071 bytes) from mynifi:8080 in 2 millis
2022-11-14 05:09:29,538 INFO [Clustering Tasks Thread-2] o.a.n.c.c.ClusterProtocolHeartbeater Heartbeat created at 2022-11-14 05:09:29,531 and sent to mynifi:8082 at 2022-11-14 05:09:29,538; send took 6 millis
2022-11-14 05:09:31,766 INFO [pool-13-thread-1] o.a.n.c.r.WriteAheadFlowFileRepository Initiating checkpoint of FlowFile Repository
2022-11-14 05:09:31,767 INFO [pool-13-thread-1] o.a.n.c.r.WriteAheadFlowFileRepository Successfully checkpointed FlowFile Repository with 0 records in 0 milliseconds
2022-11-14 05:09:31,898 INFO [Heartbeat Monitor Thread-1] o.a.n.c.c.h.AbstractHeartbeatMonitor Finished processing 1 heartbeats in 2900 nanos
2022-11-14 05:09:34,549 INFO [Process Cluster Protocol Request-2] o.a.n.c.p.impl.SocketProtocolListener Finished processing request 7e232a70-6727-4c03-a861-acfe1ebf3122 (type=HEARTBEAT, length=3071 bytes) from mynifi:8080 in 3 millis
2022-11-14 05:09:34,552 INFO [Clustering Tasks Thread-2] o.a.n.c.c.ClusterProtocolHeartbeater Heartbeat created at 2022-11-14 05:09:34,539 and sent to mynifi:8082 at 2022-11-14 05:09:34,551; send took 11 millis
2022-11-14 05:09:36,900 INFO [Heartbeat Monitor Thread-1] o.a.n.c.c.h.AbstractHeartbeatMonitor Finished processing 1 heartbeats in 5900 nanos
2022-11-14 05:09:39,558 INFO [Process Cluster Protocol Request-3] o.a.n.c.p.impl.SocketProtocolListener Finished processing request 373800d6-e0e6-41e5-b533-246e92235bdb (type=HEARTBEAT, length=3071 bytes) from mynifi:8080 in 1 millis
2022-11-14 05:09:39,559 INFO [Clustering Tasks Thread-2] o.a.n.c.c.ClusterProtocolHeartbeater Heartbeat created at 2022-11-14 05:09:39,555 and sent to mynifi:8082 at 2022-11-14 05:09:39,559; send took 4 millis
2022-11-14 05:09:41,902 INFO [Heartbeat Monitor Thread-1] o.a.n.c.c.h.AbstractHeartbeatMonitor Finished processing 1 heartbeats in 2700 nanos
2022-11-14 05:09:44,564 INFO [Process Cluster Protocol Request-4] o.a.n.c.p.impl.SocketProtocolListener Finished processing request 65fd4745-ceaa-4bde-a652-98abb65e5aea (type=HEARTBEAT, length=3071 bytes) from mynifi:8080 in 1 millis
2022-11-14 05:09:44,565 INFO [Clustering Tasks Thread-2] o.a.n.c.c.ClusterProtocolHeartbeater Heartbeat created at 2022-11-14 05:09:44,560 and sent to mynifi:8082 at 2022-11-14 05:09:44,565; send took 5 millis
2022-11-14 05:09:46,904 INFO [Heartbeat Monitor Thread-1] o.a.n.c.c.h.AbstractHeartbeatMonitor Finished processing 1 heartbeats in 8800 nanos
2022-11-14 05:09:49,570 INFO [Process Cluster Protocol Request-5] o.a.n.c.p.impl.SocketProtocolListener Finished processing request 4c2d60f2-820c-497f-966a-b5a8eb5fa00c (type=HEARTBEAT, length=3071 bytes) from mynifi:8080 in 1 millis
2022-11-14 05:09:49,571 INFO [Clustering Tasks Thread-2] o.a.n.c.c.ClusterProtocolHeartbeater Heartbeat created at 2022-11-14 05:09:49,566 and sent to mynifi:8082 at 2022-11-14 05:09:49,571; send took 4 millis
2022-11-14 05:09:51,767 INFO [pool-13-thread-1] o.a.n.c.r.WriteAheadFlowFileRepository Initiating checkpoint of FlowFile Repository
2022-11-14 05:09:51,769 INFO [pool-13-thread-1] o.a.n.c.r.WriteAheadFlowFileRepository Successfully checkpointed FlowFile Repository with 0 records in 0 milliseconds
2022-11-14 05:09:51,906 INFO [Heartbeat Monitor Thread-1] o.a.n.c.c.h.AbstractHeartbeatMonitor Finished processing 1 heartbeats in 2500 nanos
2022-11-14 05:09:54,576 INFO [Process Cluster Protocol Request-6] o.a.n.c.p.impl.SocketProtocolListener Finished processing request 0570545b-a328-4db8-ae2d-d8a167988e92 (type=HEARTBEAT, length=3071 bytes) from mynifi:8080 in 1 millis
2022-11-14 05:09:54,576 INFO [Clustering Tasks Thread-2] o.a.n.c.c.ClusterProtocolHeartbeater Heartbeat created at 2022-11-14 05:09:54,572 and sent to mynifi:8082 at 2022-11-14 05:09:54,576; send took 4 millis
2022-11-14 05:09:55,549 INFO [Write-Ahead Local State Provider Maintenance] org.wali.MinimalLockingWriteAheadLog org.wali.MinimalLockingWriteAheadLog@25589735 checkpointed with 2 Records and 0 Swap Files in 291 milliseconds (Stop-the-world time = 105 milliseconds, Clear Edit Logs time = 164 millis), max Transaction ID 8
2022-11-14 05:09:56,907 INFO [Heartbeat Monitor Thread-1] o.a.n.c.c.h.AbstractHeartbeatMonitor Finished processing 1 heartbeats in 2200 nanos
2022-11-14 05:09:59,584 INFO [Process Cluster Protocol Request-8] o.a.n.c.p.impl.SocketProtocolListener Finished processing request 692df13c-5774-4a08-9ea0-3b0db025d961 (type=HEARTBEAT, length=3071 bytes) from mynifi:8080 in 3 millis
2022-11-14 05:09:59,586 INFO [Clustering Tasks Thread-2] o.a.n.c.c.ClusterProtocolHeartbeater Heartbeat created at 2022-11-14 05:09:59,578 and sent to mynifi:8082 at 2022-11-14 05:09:59,586; send took 8 millis
2022-11-14 05:10:01,908 INFO [Heartbeat Monitor Thread-1] o.a.n.c.c.h.AbstractHeartbeatMonitor Finished processing 1 heartbeats in 3400 nanos
2022-11-14 05:10:04,594 INFO [Process Cluster Protocol Request-9] o.a.n.c.p.impl.SocketProtocolListener Finished processing request 39ebda15-0e99-4a27-9f45-ada60c59b3ea (type=HEARTBEAT, length=3071 bytes) from mynifi:8080 in 1 millis
2022-11-14 05:10:04,595 INFO [Clustering Tasks Thread-2] o.a.n.c.c.ClusterProtocolHeartbeater Heartbeat created at 2022-11-14 05:10:04,589 and sent to mynifi:8082 at 2022-11-14 05:10:04,595; send took 6 millis
2022-11-14 05:10:06,910 INFO [Heartbeat Monitor Thread-1] o.a.n.c.c.h.AbstractHeartbeatMonitor Finished processing 1 heartbeats in 2800 nanos
2022-11-14 05:10:09,600 INFO [Process Cluster Protocol Request-10] o.a.n.c.p.impl.SocketProtocolListener Finished processing request e3427804-b143-4d2e-aabd-5d278fb8559d (type=HEARTBEAT, length=3071 bytes) from mynifi:8080 in 947400 nanos
2022-11-14 05:10:09,601 INFO [Clustering Tasks Thread-2] o.a.n.c.c.ClusterProtocolHeartbeater Heartbeat created at 2022-11-14 05:10:09,597 and sent to mynifi:8082 at 2022-11-14 05:10:09,601; send took 3 millis
2022-11-14 05:10:11,769 INFO [pool-13-thread-1] o.a.n.c.r.WriteAheadFlowFileRepository Initiating checkpoint of FlowFile Repository
2022-11-14 05:10:11,770 INFO [pool-13-thread-1] o.a.n.c.r.WriteAheadFlowFileRepository Successfully checkpointed FlowFile Repository with 0 records in 0 milliseconds
2022-11-14 05:10:11,911 INFO [Heartbeat Monitor Thread-1] o.a.n.c.c.h.AbstractHeartbeatMonitor Finished processing 1 heartbeats in 2500 nanos
2022-11-14 05:10:14,611 INFO [Process Cluster Protocol Request-7] o.a.n.c.p.impl.SocketProtocolListener Finished processing request daaed144-252a-4845-8a6f-d7ecfafb0d53 (type=HEARTBEAT, length=3071 bytes) from mynifi:8080 in 3 millis
2022-11-14 05:10:14,613 INFO [Clustering Tasks Thread-2] o.a.n.c.c.ClusterProtocolHeartbeater Heartbeat created at 2022-11-14 05:10:14,602 and sent to mynifi:8082 at 2022-11-14 05:10:14,613; send took 11 millis
2022-11-14 05:10:16,911 INFO [Heartbeat Monitor Thread-1] o.a.n.c.c.h.AbstractHeartbeatMonitor Finished processing 1 heartbeats in 2400 nanos
2022-11-14 05:10:19,399 INFO [Cleanup Archive for default] o.a.n.c.repository.FileSystemRepository Successfully deleted 0 files (0 bytes) from archive
2022-11-14 05:10:19,625 INFO [Process Cluster Protocol Request-1] o.a.n.c.p.impl.SocketProtocolListener Finished processing request 468b9a79-1df2-48b1-8dff-b818d4ef37a7 (type=HEARTBEAT, length=3071 bytes) from mynifi:8080 in 4 millis
2022-11-14 05:10:19,627 INFO [Clustering Tasks Thread-2] o.a.n.c.c.ClusterProtocolHeartbeater Heartbeat created at 2022-11-14 05:10:19,615 and sent to mynifi:8082 at 2022-11-14 05:10:19,627; send took 12 millis
2022-11-14 05:10:21,913 INFO [Heartbeat Monitor Thread-1] o.a.n.c.c.h.AbstractHeartbeatMonitor Finished processing 1 heartbeats in 6700 nanos
2022-11-14 05:10:24,633 INFO [Process Cluster Protocol Request-2] o.a.n.c.p.impl.SocketProtocolListener Finished processing request ca1f0435-d8f0-4373-ac22-5aabd4f377aa (type=HEARTBEAT, length=3071 bytes) from mynifi:8080 in 987800 nanos
2022-11-14 05:10:24,633 INFO [Clustering Tasks Thread-2] o.a.n.c.c.ClusterProtocolHeartbeater Heartbeat created at 2022-11-14 05:10:24,629 and sent to mynifi:8082 at 2022-11-14 05:10:24,633; send took 4 millis
2022-11-14 05:10:26,915 INFO [Heartbeat Monitor Thread-1] o.a.n.c.c.h.AbstractHeartbeatMonitor Finished processing 1 heartbeats in 5100 nanos
2022-11-14 05:10:29,638 INFO [Process Cluster Protocol Request-3] o.a.n.c.p.impl.SocketProtocolListener Finished processing request 472cc077-2137-4b38-9306-8bf8f70d5abc (type=HEARTBEAT, length=3071 bytes) from mynifi:8080 in 990100 nanos
2022-11-14 05:10:29,638 INFO [Clustering Tasks Thread-2] o.a.n.c.c.ClusterProtocolHeartbeater Heartbeat created at 2022-11-14 05:10:29,634 and sent to mynifi:8082 at 2022-11-14 05:10:29,638; send took 3 millis
2022-11-14 05:10:31,771 INFO [pool-13-thread-1] o.a.n.c.r.WriteAheadFlowFileRepository Initiating checkpoint of FlowFile Repository
2022-11-14 05:10:31,772 INFO [pool-13-thread-1] o.a.n.c.r.WriteAheadFlowFileRepository Successfully checkpointed FlowFile Repository with 0 records in 0 milliseconds
2022-11-14 05:10:31,917 INFO [Heartbeat Monitor Thread-1] o.a.n.c.c.h.AbstractHeartbeatMonitor Finished processing 1 heartbeats in 2700 nanos
2022-11-14 05:10:34,642 INFO [Process Cluster Protocol Request-4] o.a.n.c.p.impl.SocketProtocolListener Finished processing request c0388c85-3b94-4cf8-8c47-189b07f40781 (type=HEARTBEAT, length=3071 bytes) from mynifi:8080 in 1 millis
2022-11-14 05:10:34,644 INFO [Clustering Tasks Thread-2] o.a.n.c.c.ClusterProtocolHeartbeater Heartbeat created at 2022-11-14 05:10:34,639 and sent to mynifi:8082 at 2022-11-14 05:10:34,644; send took 5 millis
2022-11-14 05:10:36,919 INFO [Heartbeat Monitor Thread-1] o.a.n.c.c.h.AbstractHeartbeatMonitor Finished processing 1 heartbeats in 2500 nanos
2022-11-14 05:10:39,649 INFO [Process Cluster Protocol Request-5] o.a.n.c.p.impl.SocketProtocolListener Finished processing request d234b40d-d411-4b77-bce4-fa3fede90ed5 (type=HEARTBEAT, length=3071 bytes) from mynifi:8080 in 1 millis
2022-11-14 05:10:39,650 INFO [Clustering Tasks Thread-2] o.a.n.c.c.ClusterProtocolHeartbeater Heartbeat created at 2022-11-14 05:10:39,646 and sent to mynifi:8082 at 2022-11-14 05:10:39,650; send took 4 millis
2022-11-14 05:10:41,920 INFO [Heartbeat Monitor Thread-1] o.a.n.c.c.h.AbstractHeartbeatMonitor Finished processing 1 heartbeats in 2100 nanos
2022-11-14 05:10:44,654 INFO [Process Cluster Protocol Request-6] o.a.n.c.p.impl.SocketProtocolListener Finished processing request e23429f1-9ad4-4812-8c82-777a6ab7508a (type=HEARTBEAT, length=3071 bytes) from mynifi:8080 in 1 millis
2022-11-14 05:10:44,655 INFO [Clustering Tasks Thread-2] o.a.n.c.c.ClusterProtocolHeartbeater Heartbeat created at 2022-11-14 05:10:44,651 and sent to mynifi:8082 at 2022-11-14 05:10:44,655; send took 3 millis
2022-11-14 05:10:46,921 INFO [Heartbeat Monitor Thread-1] o.a.n.c.c.h.AbstractHeartbeatMonitor Finished processing 1 heartbeats in 2400 nanos
2022-11-14 05:10:49,660 INFO [Process Cluster Protocol Request-8] o.a.n.c.p.impl.SocketProtocolListener Finished processing request afa2c782-955c-4baf-a5c4-42494fc896d4 (type=HEARTBEAT, length=3071 bytes) from mynifi:8080 in 1 millis
2022-11-14 05:10:49,661 INFO [Clustering Tasks Thread-2] o.a.n.c.c.ClusterProtocolHeartbeater Heartbeat created at 2022-11-14 05:10:49,656 and sent to mynifi:8082 at 2022-11-14 05:10:49,661; send took 4 millis
2022-11-14 05:10:51,773 INFO [pool-13-thread-1] o.a.n.c.r.WriteAheadFlowFileRepository Initiating checkpoint of FlowFile Repository
2022-11-14 05:10:51,774 INFO [pool-13-thread-1] o.a.n.c.r.WriteAheadFlowFileRepository Successfully checkpointed FlowFile Repository with 0 records in 0 milliseconds
2022-11-14 05:10:51,922 INFO [Heartbeat Monitor Thread-1] o.a.n.c.c.h.AbstractHeartbeatMonitor Finished processing 1 heartbeats in 2400 nanos
2022-11-14 05:10:54,665 INFO [Process Cluster Protocol Request-9] o.a.n.c.p.impl.SocketProtocolListener Finished processing request 98f870c0-8ec2-4f73-acc4-ef603565ab9d (type=HEARTBEAT, length=3071 bytes) from mynifi:8080 in 1 millis
2022-11-14 05:10:54,666 INFO [Clustering Tasks Thread-2] o.a.n.c.c.ClusterProtocolHeartbeater Heartbeat created at 2022-11-14 05:10:54,662 and sent to mynifi:8082 at 2022-11-14 05:10:54,666; send took 4 millis
2022-11-14 05:10:56,923 INFO [Heartbeat Monitor Thread-1] o.a.n.c.c.h.AbstractHeartbeatMonitor Finished processing 1 heartbeats in 2300 nanos
2022-11-14 05:10:59,671 INFO [Process Cluster Protocol Request-10] o.a.n.c.p.impl.SocketProtocolListener Finished processing request 8580e19c-6aaa-4745-acf1-dced8ee33a09 (type=HEARTBEAT, length=3071 bytes) from mynifi:8080 in 1 millis
2022-11-14 05:10:59,673 INFO [Clustering Tasks Thread-2] o.a.n.c.c.ClusterProtocolHeartbeater Heartbeat created at 2022-11-14 05:10:59,667 and sent to mynifi:8082 at 2022-11-14 05:10:59,673; send took 5 millis
