2022-11-13 19:55:45,360 INFO [main-EventThread] o.a.c.f.state.ConnectionStateManager State change: SUSPENDED
2022-11-13 19:55:45,401 INFO [pool-13-thread-1] o.a.n.c.r.WriteAheadFlowFileRepository Successfully checkpointed FlowFile Repository with 0 records in 0 milliseconds
2022-11-13 19:55:46,019 INFO [Curator-ConnectionStateManager-0] o.a.n.c.l.e.CuratorLeaderElectionManager org.apache.nifi.controller.leader.election.CuratorLeaderElectionManager$ElectionListener@68d37222 Connection State changed to SUSPENDED
2022-11-13 19:55:46,244 INFO [Curator-ConnectionStateManager-0] o.a.n.c.l.e.CuratorLeaderElectionManager Because Connection State was changed to SUSPENDED, will relinquish leadership for role 'Primary Node'
2022-11-13 19:55:46,324 INFO [Leader Election Notification Thread-2] o.a.n.c.l.e.CuratorLeaderElectionManager org.apache.nifi.controller.leader.election.CuratorLeaderElectionManager$ElectionListener@68d37222 has been interrupted; no longer leader for role 'Primary Node'
2022-11-13 19:55:46,419 INFO [Leader Election Notification Thread-2] o.a.n.c.l.e.CuratorLeaderElectionManager org.apache.nifi.controller.leader.election.CuratorLeaderElectionManager$ElectionListener@68d37222 This node is no longer leader for role 'Primary Node'
2022-11-13 19:55:46,441 INFO [Leader Election Notification Thread-2] o.apache.nifi.controller.FlowController This node is no longer Primary Node
2022-11-13 19:55:46,920 INFO [main-EventThread] org.apache.zookeeper.ClientCnxnSocket jute.maxbuffer value is 4194304 Bytes
2022-11-13 19:55:47,038 INFO [main-EventThread] o.a.c.f.state.ConnectionStateManager State change: LOST
2022-11-13 19:55:47,017 INFO [Curator-ConnectionStateManager-0] o.a.n.c.l.e.CuratorLeaderElectionManager org.apache.nifi.controller.leader.election.CuratorLeaderElectionManager$ElectionListener@3ee844c2 Connection State changed to SUSPENDED
2022-11-13 19:55:47,022 WARN [Clustering Tasks Thread-3] o.apache.nifi.controller.FlowController Failed to send heartbeat due to: org.apache.nifi.cluster.protocol.ProtocolException: Cannot send heartbeat because there is no Cluster Coordinator currently elected
2022-11-13 19:55:47,228 INFO [Leader Election Notification Thread-1] o.a.n.c.l.e.CuratorLeaderElectionManager org.apache.nifi.controller.leader.election.CuratorLeaderElectionManager$ElectionListener@3ee844c2 This node is no longer leader for role 'Cluster Coordinator'
2022-11-13 19:55:47,228 INFO [Curator-ConnectionStateManager-0] o.a.n.c.l.e.CuratorLeaderElectionManager org.apache.nifi.controller.leader.election.CuratorLeaderElectionManager$ElectionListener@68d37222 Connection State changed to LOST
2022-11-13 19:55:47,229 INFO [main-EventThread] o.a.c.f.state.ConnectionStateManager State change: RECONNECTED
2022-11-13 19:55:47,376 INFO [Leader Election Notification Thread-1] o.apache.nifi.controller.FlowController This node is no longer the elected Active Cluster Coordinator
2022-11-13 19:55:47,431 INFO [Curator-ConnectionStateManager-0] o.a.n.c.l.e.CuratorLeaderElectionManager org.apache.nifi.controller.leader.election.CuratorLeaderElectionManager$ElectionListener@3ee844c2 Connection State changed to LOST
2022-11-13 19:55:47,737 INFO [Curator-ConnectionStateManager-0] o.a.n.c.l.e.CuratorLeaderElectionManager org.apache.nifi.controller.leader.election.CuratorLeaderElectionManager$ElectionListener@68d37222 Connection State changed to RECONNECTED
2022-11-13 19:55:47,879 INFO [Curator-ConnectionStateManager-0] o.a.n.c.l.e.CuratorLeaderElectionManager org.apache.nifi.controller.leader.election.CuratorLeaderElectionManager$ElectionListener@3ee844c2 Connection State changed to RECONNECTED
2022-11-13 19:55:48,041 INFO [main-EventThread] o.a.c.framework.imps.EnsembleTracker New config event received: {}
2022-11-13 19:55:48,054 INFO [Leader Election Notification Thread-3] o.a.n.c.l.e.CuratorLeaderElectionManager org.apache.nifi.controller.leader.election.CuratorLeaderElectionManager$ElectionListener@68d37222 This node has been elected Leader for Role 'Primary Node'
2022-11-13 19:55:48,104 INFO [Leader Election Notification Thread-2] o.a.n.c.l.e.CuratorLeaderElectionManager org.apache.nifi.controller.leader.election.CuratorLeaderElectionManager$ElectionListener@3ee844c2 This node has been elected Leader for Role 'Cluster Coordinator'
2022-11-13 19:55:48,146 INFO [Leader Election Notification Thread-3] o.apache.nifi.controller.FlowController This node has been elected Primary Node
2022-11-13 19:55:48,156 INFO [Leader Election Notification Thread-2] o.apache.nifi.controller.FlowController This node elected Active Cluster Coordinator
2022-11-13 19:55:51,099 INFO [Write-Ahead Local State Provider Maintenance] org.wali.MinimalLockingWriteAheadLog org.wali.MinimalLockingWriteAheadLog@25589735 checkpointed with 2 Records and 0 Swap Files in 1442 milliseconds (Stop-the-world time = 1000 milliseconds, Clear Edit Logs time = 392 millis), max Transaction ID 8
2022-11-13 19:55:52,314 INFO [Process Cluster Protocol Request-3] o.a.n.c.p.impl.SocketProtocolListener Finished processing request 50c00e17-f002-4351-bcf0-22f7b64f4a63 (type=HEARTBEAT, length=3071 bytes) from mynifi:8080 in 2 millis
2022-11-13 19:55:52,315 INFO [Clustering Tasks Thread-3] o.a.n.c.c.ClusterProtocolHeartbeater Heartbeat created at 2022-11-13 19:55:52,308 and sent to mynifi:8082 at 2022-11-13 19:55:52,315; send took 7 millis
2022-11-13 19:55:57,017 INFO [Heartbeat Monitor Thread-1] o.a.n.c.c.h.AbstractHeartbeatMonitor Finished processing 1 heartbeats in 12400 nanos
2022-11-13 19:55:57,336 INFO [Process Cluster Protocol Request-4] o.a.n.c.p.impl.SocketProtocolListener Finished processing request cf692ef3-c3e7-4e83-a631-51799d6c945b (type=HEARTBEAT, length=3071 bytes) from mynifi:8080 in 1 millis
2022-11-13 19:55:57,337 INFO [Clustering Tasks Thread-3] o.a.n.c.c.ClusterProtocolHeartbeater Heartbeat created at 2022-11-13 19:55:57,332 and sent to mynifi:8082 at 2022-11-13 19:55:57,337; send took 5 millis
2022-11-13 19:56:02,022 INFO [Heartbeat Monitor Thread-1] o.a.n.c.c.h.AbstractHeartbeatMonitor Finished processing 1 heartbeats in 7500 nanos
2022-11-13 19:56:02,348 INFO [Process Cluster Protocol Request-5] o.a.n.c.p.impl.SocketProtocolListener Finished processing request 1de7f7e6-f18f-449f-87ea-a0405f41960c (type=HEARTBEAT, length=3071 bytes) from mynifi:8080 in 1 millis
2022-11-13 19:56:02,349 INFO [Clustering Tasks Thread-3] o.a.n.c.c.ClusterProtocolHeartbeater Heartbeat created at 2022-11-13 19:56:02,341 and sent to mynifi:8082 at 2022-11-13 19:56:02,349; send took 7 millis
2022-11-13 19:56:06,120 INFO [pool-13-thread-1] o.a.n.c.r.WriteAheadFlowFileRepository Initiating checkpoint of FlowFile Repository
2022-11-13 19:56:06,121 INFO [pool-13-thread-1] o.a.n.c.r.WriteAheadFlowFileRepository Successfully checkpointed FlowFile Repository with 0 records in 0 milliseconds
2022-11-13 19:56:07,657 INFO [Heartbeat Monitor Thread-1] o.a.n.c.c.h.AbstractHeartbeatMonitor Finished processing 1 heartbeats in 9900 nanos
2022-11-13 19:56:08,235 INFO [Process Cluster Protocol Request-6] o.a.n.c.p.impl.SocketProtocolListener Finished processing request 1b8359ea-6a8e-4843-938f-c0667e15ee80 (type=HEARTBEAT, length=3071 bytes) from mynifi:8080 in 1 millis
2022-11-13 19:56:08,237 INFO [Clustering Tasks Thread-3] o.a.n.c.c.ClusterProtocolHeartbeater Heartbeat created at 2022-11-13 19:56:07,354 and sent to mynifi:8082 at 2022-11-13 19:56:08,237; send took 883 millis
2022-11-13 19:56:12,658 INFO [Heartbeat Monitor Thread-1] o.a.n.c.c.h.AbstractHeartbeatMonitor Finished processing 1 heartbeats in 7400 nanos
2022-11-13 19:56:13,241 INFO [Process Cluster Protocol Request-8] o.a.n.c.p.impl.SocketProtocolListener Finished processing request 47d3b11b-ef35-49ef-8b58-822bd8213ac2 (type=HEARTBEAT, length=3071 bytes) from mynifi:8080 in 1 millis
2022-11-13 19:56:13,243 INFO [Clustering Tasks Thread-2] o.a.n.c.c.ClusterProtocolHeartbeater Heartbeat created at 2022-11-13 19:56:13,238 and sent to mynifi:8082 at 2022-11-13 19:56:13,243; send took 4 millis
2022-11-13 19:56:17,659 INFO [Heartbeat Monitor Thread-1] o.a.n.c.c.h.AbstractHeartbeatMonitor Finished processing 1 heartbeats in 8700 nanos
2022-11-13 19:56:18,248 INFO [Process Cluster Protocol Request-9] o.a.n.c.p.impl.SocketProtocolListener Finished processing request 074ef3d1-131f-42ba-84db-2f3c82e3bb49 (type=HEARTBEAT, length=3071 bytes) from mynifi:8080 in 1 millis
2022-11-13 19:56:18,250 INFO [Clustering Tasks Thread-2] o.a.n.c.c.ClusterProtocolHeartbeater Heartbeat created at 2022-11-13 19:56:18,244 and sent to mynifi:8082 at 2022-11-13 19:56:18,250; send took 6 millis
2022-11-13 19:56:22,660 INFO [Heartbeat Monitor Thread-1] o.a.n.c.c.h.AbstractHeartbeatMonitor Finished processing 1 heartbeats in 8300 nanos
2022-11-13 19:56:23,257 INFO [Process Cluster Protocol Request-10] o.a.n.c.p.impl.SocketProtocolListener Finished processing request a8e55400-0674-43d5-9354-2c88826e1e89 (type=HEARTBEAT, length=3071 bytes) from mynifi:8080 in 1 millis
2022-11-13 19:56:23,258 INFO [Clustering Tasks Thread-2] o.a.n.c.c.ClusterProtocolHeartbeater Heartbeat created at 2022-11-13 19:56:23,251 and sent to mynifi:8082 at 2022-11-13 19:56:23,258; send took 6 millis
2022-11-13 19:56:26,121 INFO [pool-13-thread-1] o.a.n.c.r.WriteAheadFlowFileRepository Initiating checkpoint of FlowFile Repository
2022-11-13 19:56:26,123 INFO [pool-13-thread-1] o.a.n.c.r.WriteAheadFlowFileRepository Successfully checkpointed FlowFile Repository with 0 records in 0 milliseconds
2022-11-13 19:56:27,661 INFO [Heartbeat Monitor Thread-1] o.a.n.c.c.h.AbstractHeartbeatMonitor Finished processing 1 heartbeats in 8100 nanos
2022-11-13 19:56:28,262 INFO [Process Cluster Protocol Request-7] o.a.n.c.p.impl.SocketProtocolListener Finished processing request 351d9c56-a9cc-431e-9160-136f5c5e2a65 (type=HEARTBEAT, length=3071 bytes) from mynifi:8080 in 1 millis
2022-11-13 19:56:28,263 INFO [Clustering Tasks Thread-2] o.a.n.c.c.ClusterProtocolHeartbeater Heartbeat created at 2022-11-13 19:56:28,259 and sent to mynifi:8082 at 2022-11-13 19:56:28,263; send took 4 millis
2022-11-13 19:56:28,891 INFO [Cleanup Archive for default] o.a.n.c.repository.FileSystemRepository Successfully deleted 0 files (0 bytes) from archive
2022-11-13 19:56:32,663 INFO [Heartbeat Monitor Thread-1] o.a.n.c.c.h.AbstractHeartbeatMonitor Finished processing 1 heartbeats in 8900 nanos
2022-11-13 19:56:33,269 INFO [Process Cluster Protocol Request-1] o.a.n.c.p.impl.SocketProtocolListener Finished processing request 0d29510f-9e28-4b14-9980-8a6fea4838a2 (type=HEARTBEAT, length=3071 bytes) from mynifi:8080 in 1 millis
2022-11-13 19:56:33,270 INFO [Clustering Tasks Thread-2] o.a.n.c.c.ClusterProtocolHeartbeater Heartbeat created at 2022-11-13 19:56:33,264 and sent to mynifi:8082 at 2022-11-13 19:56:33,270; send took 5 millis
2022-11-13 19:56:37,664 INFO [Heartbeat Monitor Thread-1] o.a.n.c.c.h.AbstractHeartbeatMonitor Finished processing 1 heartbeats in 7600 nanos
2022-11-13 19:56:38,276 INFO [Process Cluster Protocol Request-2] o.a.n.c.p.impl.SocketProtocolListener Finished processing request bd22c125-0039-461e-b112-fef0c0e6491f (type=HEARTBEAT, length=3071 bytes) from mynifi:8080 in 1 millis
2022-11-13 19:56:38,277 INFO [Clustering Tasks Thread-1] o.a.n.c.c.ClusterProtocolHeartbeater Heartbeat created at 2022-11-13 19:56:38,271 and sent to mynifi:8082 at 2022-11-13 19:56:38,277; send took 5 millis
2022-11-13 19:56:42,665 INFO [Heartbeat Monitor Thread-1] o.a.n.c.c.h.AbstractHeartbeatMonitor Finished processing 1 heartbeats in 7500 nanos
2022-11-13 19:56:43,282 INFO [Process Cluster Protocol Request-3] o.a.n.c.p.impl.SocketProtocolListener Finished processing request 12317529-7e65-4e3d-bbbc-e25424154329 (type=HEARTBEAT, length=3071 bytes) from mynifi:8080 in 1 millis
2022-11-13 19:56:43,284 INFO [Clustering Tasks Thread-1] o.a.n.c.c.ClusterProtocolHeartbeater Heartbeat created at 2022-11-13 19:56:43,278 and sent to mynifi:8082 at 2022-11-13 19:56:43,284; send took 5 millis
2022-11-13 19:56:46,124 INFO [pool-13-thread-1] o.a.n.c.r.WriteAheadFlowFileRepository Initiating checkpoint of FlowFile Repository
2022-11-13 19:56:46,125 INFO [pool-13-thread-1] o.a.n.c.r.WriteAheadFlowFileRepository Successfully checkpointed FlowFile Repository with 0 records in 0 milliseconds
2022-11-13 19:56:47,666 INFO [Heartbeat Monitor Thread-1] o.a.n.c.c.h.AbstractHeartbeatMonitor Finished processing 1 heartbeats in 8400 nanos
2022-11-13 19:56:48,290 INFO [Process Cluster Protocol Request-4] o.a.n.c.p.impl.SocketProtocolListener Finished processing request 31fb96b2-c70e-4af3-b422-ca3a3d973e29 (type=HEARTBEAT, length=3071 bytes) from mynifi:8080 in 1 millis
2022-11-13 19:56:48,290 INFO [Clustering Tasks Thread-2] o.a.n.c.c.ClusterProtocolHeartbeater Heartbeat created at 2022-11-13 19:56:48,285 and sent to mynifi:8082 at 2022-11-13 19:56:48,290; send took 4 millis
2022-11-13 19:56:52,667 INFO [Heartbeat Monitor Thread-1] o.a.n.c.c.h.AbstractHeartbeatMonitor Finished processing 1 heartbeats in 7900 nanos
2022-11-13 19:56:53,303 INFO [Process Cluster Protocol Request-5] o.a.n.c.p.impl.SocketProtocolListener Finished processing request 3258340e-5b08-407e-b620-fbfe4068e25c (type=HEARTBEAT, length=3071 bytes) from mynifi:8080 in 1 millis
2022-11-13 19:56:53,305 INFO [Clustering Tasks Thread-2] o.a.n.c.c.ClusterProtocolHeartbeater Heartbeat created at 2022-11-13 19:56:53,291 and sent to mynifi:8082 at 2022-11-13 19:56:53,305; send took 13 millis
2022-11-13 19:56:57,668 INFO [Heartbeat Monitor Thread-1] o.a.n.c.c.h.AbstractHeartbeatMonitor Finished processing 1 heartbeats in 7700 nanos
2022-11-13 19:56:58,310 INFO [Process Cluster Protocol Request-6] o.a.n.c.p.impl.SocketProtocolListener Finished processing request 42c6af4d-5258-46a9-81b7-80963c735c61 (type=HEARTBEAT, length=3071 bytes) from mynifi:8080 in 1 millis
2022-11-13 19:56:58,310 INFO [Clustering Tasks Thread-2] o.a.n.c.c.ClusterProtocolHeartbeater Heartbeat created at 2022-11-13 19:56:58,306 and sent to mynifi:8082 at 2022-11-13 19:56:58,310; send took 4 millis
2022-11-13 19:57:02,669 INFO [Heartbeat Monitor Thread-1] o.a.n.c.c.h.AbstractHeartbeatMonitor Finished processing 1 heartbeats in 7800 nanos
2022-11-13 19:57:03,316 INFO [Process Cluster Protocol Request-8] o.a.n.c.p.impl.SocketProtocolListener Finished processing request d3dbaa5b-7592-46f4-acb7-8d0435a46828 (type=HEARTBEAT, length=3071 bytes) from mynifi:8080 in 1 millis
2022-11-13 19:57:03,318 INFO [Clustering Tasks Thread-2] o.a.n.c.c.ClusterProtocolHeartbeater Heartbeat created at 2022-11-13 19:57:03,312 and sent to mynifi:8082 at 2022-11-13 19:57:03,318; send took 5 millis
2022-11-13 19:57:06,126 INFO [pool-13-thread-1] o.a.n.c.r.WriteAheadFlowFileRepository Initiating checkpoint of FlowFile Repository
2022-11-13 19:57:06,127 INFO [pool-13-thread-1] o.a.n.c.r.WriteAheadFlowFileRepository Successfully checkpointed FlowFile Repository with 0 records in 0 milliseconds
2022-11-13 19:57:07,670 INFO [Heartbeat Monitor Thread-1] o.a.n.c.c.h.AbstractHeartbeatMonitor Finished processing 1 heartbeats in 7600 nanos
2022-11-13 19:57:08,323 INFO [Process Cluster Protocol Request-9] o.a.n.c.p.impl.SocketProtocolListener Finished processing request 4f97a1e1-9cb2-49cf-af19-9238afa8e520 (type=HEARTBEAT, length=3071 bytes) from mynifi:8080 in 1 millis
2022-11-13 19:57:08,323 INFO [Clustering Tasks Thread-2] o.a.n.c.c.ClusterProtocolHeartbeater Heartbeat created at 2022-11-13 19:57:08,319 and sent to mynifi:8082 at 2022-11-13 19:57:08,323; send took 4 millis
2022-11-13 19:57:12,671 INFO [Heartbeat Monitor Thread-1] o.a.n.c.c.h.AbstractHeartbeatMonitor Finished processing 1 heartbeats in 8100 nanos
2022-11-13 19:57:13,337 INFO [Process Cluster Protocol Request-10] o.a.n.c.p.impl.SocketProtocolListener Finished processing request 0106c7a7-ad71-4029-86c7-01c7e78907b1 (type=HEARTBEAT, length=3071 bytes) from mynifi:8080 in 1 millis
2022-11-13 19:57:13,338 INFO [Clustering Tasks Thread-2] o.a.n.c.c.ClusterProtocolHeartbeater Heartbeat created at 2022-11-13 19:57:13,325 and sent to mynifi:8082 at 2022-11-13 19:57:13,338; send took 12 millis
2022-11-13 19:57:17,673 INFO [Heartbeat Monitor Thread-1] o.a.n.c.c.h.AbstractHeartbeatMonitor Finished processing 1 heartbeats in 21900 nanos
2022-11-13 19:57:18,353 INFO [Process Cluster Protocol Request-7] o.a.n.c.p.impl.SocketProtocolListener Finished processing request 03ac6db3-fd09-473f-af44-3fc1cc209c63 (type=HEARTBEAT, length=3071 bytes) from mynifi:8080 in 4 millis
2022-11-13 19:57:18,359 INFO [Clustering Tasks Thread-2] o.a.n.c.c.ClusterProtocolHeartbeater Heartbeat created at 2022-11-13 19:57:18,339 and sent to mynifi:8082 at 2022-11-13 19:57:18,359; send took 19 millis
2022-11-13 19:57:22,675 INFO [Heartbeat Monitor Thread-1] o.a.n.c.c.h.AbstractHeartbeatMonitor Finished processing 1 heartbeats in 16800 nanos
2022-11-13 19:57:23,374 INFO [Process Cluster Protocol Request-1] o.a.n.c.p.impl.SocketProtocolListener Finished processing request 678999ca-895d-4690-a102-1a35a717b2aa (type=HEARTBEAT, length=3071 bytes) from mynifi:8080 in 3 millis
2022-11-13 19:57:23,377 INFO [Clustering Tasks Thread-2] o.a.n.c.c.ClusterProtocolHeartbeater Heartbeat created at 2022-11-13 19:57:23,362 and sent to mynifi:8082 at 2022-11-13 19:57:23,377; send took 15 millis
2022-11-13 19:57:26,128 INFO [pool-13-thread-1] o.a.n.c.r.WriteAheadFlowFileRepository Initiating checkpoint of FlowFile Repository
2022-11-13 19:57:26,132 INFO [pool-13-thread-1] o.a.n.c.r.WriteAheadFlowFileRepository Successfully checkpointed FlowFile Repository with 0 records in 0 milliseconds
2022-11-13 19:57:27,678 INFO [Heartbeat Monitor Thread-1] o.a.n.c.c.h.AbstractHeartbeatMonitor Finished processing 1 heartbeats in 29900 nanos
2022-11-13 19:57:28,391 INFO [Process Cluster Protocol Request-2] o.a.n.c.p.impl.SocketProtocolListener Finished processing request 196bfdf3-07b3-4c98-95d7-8712538529b0 (type=HEARTBEAT, length=3071 bytes) from mynifi:8080 in 3 millis
2022-11-13 19:57:28,398 INFO [Clustering Tasks Thread-2] o.a.n.c.c.ClusterProtocolHeartbeater Heartbeat created at 2022-11-13 19:57:28,380 and sent to mynifi:8082 at 2022-11-13 19:57:28,398; send took 18 millis
2022-11-13 19:57:30,095 INFO [Cleanup Archive for default] o.a.n.c.repository.FileSystemRepository Successfully deleted 0 files (0 bytes) from archive
2022-11-13 19:57:32,681 INFO [Heartbeat Monitor Thread-1] o.a.n.c.c.h.AbstractHeartbeatMonitor Finished processing 1 heartbeats in 17200 nanos
2022-11-13 19:57:33,413 INFO [Process Cluster Protocol Request-3] o.a.n.c.p.impl.SocketProtocolListener Finished processing request cced1577-e5f9-4dc1-bb2f-071a2f697277 (type=HEARTBEAT, length=3071 bytes) from mynifi:8080 in 3 millis
2022-11-13 19:57:33,415 INFO [Clustering Tasks Thread-2] o.a.n.c.c.ClusterProtocolHeartbeater Heartbeat created at 2022-11-13 19:57:33,401 and sent to mynifi:8082 at 2022-11-13 19:57:33,415; send took 14 millis
2022-11-13 19:57:37,683 INFO [Heartbeat Monitor Thread-1] o.a.n.c.c.h.AbstractHeartbeatMonitor Finished processing 1 heartbeats in 17400 nanos
2022-11-13 19:57:38,432 INFO [Process Cluster Protocol Request-4] o.a.n.c.p.impl.SocketProtocolListener Finished processing request 3fad6aad-90b9-4013-8244-002ae12de783 (type=HEARTBEAT, length=3071 bytes) from mynifi:8080 in 3 millis
2022-11-13 19:57:38,435 INFO [Clustering Tasks Thread-2] o.a.n.c.c.ClusterProtocolHeartbeater Heartbeat created at 2022-11-13 19:57:38,419 and sent to mynifi:8082 at 2022-11-13 19:57:38,435; send took 16 millis
2022-11-13 19:57:42,686 INFO [Heartbeat Monitor Thread-1] o.a.n.c.c.h.AbstractHeartbeatMonitor Finished processing 1 heartbeats in 16900 nanos
2022-11-13 19:57:43,450 INFO [Process Cluster Protocol Request-5] o.a.n.c.p.impl.SocketProtocolListener Finished processing request 6a51eedd-25d2-4233-ad94-10d377e392f4 (type=HEARTBEAT, length=3071 bytes) from mynifi:8080 in 4 millis
2022-11-13 19:57:43,453 INFO [Clustering Tasks Thread-2] o.a.n.c.c.ClusterProtocolHeartbeater Heartbeat created at 2022-11-13 19:57:43,438 and sent to mynifi:8082 at 2022-11-13 19:57:43,453; send took 14 millis
2022-11-13 19:57:46,135 INFO [pool-13-thread-1] o.a.n.c.r.WriteAheadFlowFileRepository Initiating checkpoint of FlowFile Repository
2022-11-13 19:57:46,138 INFO [pool-13-thread-1] o.a.n.c.r.WriteAheadFlowFileRepository Successfully checkpointed FlowFile Repository with 0 records in 0 milliseconds
2022-11-13 19:57:47,689 INFO [Heartbeat Monitor Thread-1] o.a.n.c.c.h.AbstractHeartbeatMonitor Finished processing 1 heartbeats in 21800 nanos
2022-11-13 19:57:48,467 INFO [Process Cluster Protocol Request-6] o.a.n.c.p.impl.SocketProtocolListener Finished processing request 292c0d1b-ef9b-429e-9019-7b9d6906b4a4 (type=HEARTBEAT, length=3071 bytes) from mynifi:8080 in 3 millis
2022-11-13 19:57:48,471 INFO [Clustering Tasks Thread-2] o.a.n.c.c.ClusterProtocolHeartbeater Heartbeat created at 2022-11-13 19:57:48,456 and sent to mynifi:8082 at 2022-11-13 19:57:48,471; send took 14 millis
2022-11-13 19:57:51,996 INFO [Write-Ahead Local State Provider Maintenance] org.wali.MinimalLockingWriteAheadLog org.wali.MinimalLockingWriteAheadLog@25589735 checkpointed with 2 Records and 0 Swap Files in 895 milliseconds (Stop-the-world time = 325 milliseconds, Clear Edit Logs time = 501 millis), max Transaction ID 8
2022-11-13 19:57:52,692 INFO [Heartbeat Monitor Thread-1] o.a.n.c.c.h.AbstractHeartbeatMonitor Finished processing 1 heartbeats in 17200 nanos
2022-11-13 19:57:53,483 INFO [Process Cluster Protocol Request-8] o.a.n.c.p.impl.SocketProtocolListener Finished processing request 3c935221-c7c6-44d6-8447-fc9a62834072 (type=HEARTBEAT, length=3071 bytes) from mynifi:8080 in 2 millis
2022-11-13 19:57:53,485 INFO [Clustering Tasks Thread-2] o.a.n.c.c.ClusterProtocolHeartbeater Heartbeat created at 2022-11-13 19:57:53,475 and sent to mynifi:8082 at 2022-11-13 19:57:53,485; send took 10 millis
2022-11-13 19:57:57,694 INFO [Heartbeat Monitor Thread-1] o.a.n.c.c.h.AbstractHeartbeatMonitor Finished processing 1 heartbeats in 15800 nanos
2022-11-13 19:57:58,494 INFO [Process Cluster Protocol Request-9] o.a.n.c.p.impl.SocketProtocolListener Finished processing request 1d1b36f3-3b6e-4101-840e-0cb3d5e9362a (type=HEARTBEAT, length=3071 bytes) from mynifi:8080 in 1 millis
2022-11-13 19:57:58,495 INFO [Clustering Tasks Thread-2] o.a.n.c.c.ClusterProtocolHeartbeater Heartbeat created at 2022-11-13 19:57:58,488 and sent to mynifi:8082 at 2022-11-13 19:57:58,495; send took 7 millis
2022-11-13 19:58:02,696 INFO [Heartbeat Monitor Thread-1] o.a.n.c.c.h.AbstractHeartbeatMonitor Finished processing 1 heartbeats in 17400 nanos
2022-11-13 19:58:03,501 INFO [Process Cluster Protocol Request-10] o.a.n.c.p.impl.SocketProtocolListener Finished processing request 16ab1fd0-fe31-43b1-bde8-f920abd607f3 (type=HEARTBEAT, length=3071 bytes) from mynifi:8080 in 1 millis
2022-11-13 19:58:03,502 INFO [Clustering Tasks Thread-2] o.a.n.c.c.ClusterProtocolHeartbeater Heartbeat created at 2022-11-13 19:58:03,497 and sent to mynifi:8082 at 2022-11-13 19:58:03,502; send took 5 millis
2022-11-13 19:58:06,139 INFO [pool-13-thread-1] o.a.n.c.r.WriteAheadFlowFileRepository Initiating checkpoint of FlowFile Repository
2022-11-13 19:58:06,142 INFO [pool-13-thread-1] o.a.n.c.r.WriteAheadFlowFileRepository Successfully checkpointed FlowFile Repository with 0 records in 0 milliseconds
2022-11-13 19:58:07,700 INFO [Heartbeat Monitor Thread-1] o.a.n.c.c.h.AbstractHeartbeatMonitor Finished processing 1 heartbeats in 23700 nanos
2022-11-13 19:58:08,537 INFO [Process Cluster Protocol Request-7] o.a.n.c.p.impl.SocketProtocolListener Finished processing request b6e3d06d-61fc-4b71-a294-6950bfbb8a08 (type=HEARTBEAT, length=3071 bytes) from mynifi:8080 in 1 millis
2022-11-13 19:58:08,538 INFO [Clustering Tasks Thread-1] o.a.n.c.c.ClusterProtocolHeartbeater Heartbeat created at 2022-11-13 19:58:08,504 and sent to mynifi:8082 at 2022-11-13 19:58:08,538; send took 34 millis
2022-11-13 19:58:12,703 INFO [Heartbeat Monitor Thread-1] o.a.n.c.c.h.AbstractHeartbeatMonitor Finished processing 1 heartbeats in 16700 nanos
2022-11-13 19:58:13,594 INFO [Process Cluster Protocol Request-1] o.a.n.c.p.impl.SocketProtocolListener Finished processing request a63f6bc2-a21d-4b64-b974-48fd38ba9f38 (type=HEARTBEAT, length=3071 bytes) from mynifi:8080 in 3 millis
2022-11-13 19:58:13,596 INFO [Clustering Tasks Thread-1] o.a.n.c.c.ClusterProtocolHeartbeater Heartbeat created at 2022-11-13 19:58:13,583 and sent to mynifi:8082 at 2022-11-13 19:58:13,596; send took 13 millis
2022-11-13 19:58:17,706 INFO [Heartbeat Monitor Thread-1] o.a.n.c.c.h.AbstractHeartbeatMonitor Finished processing 1 heartbeats in 17100 nanos
2022-11-13 19:58:18,605 INFO [Process Cluster Protocol Request-2] o.a.n.c.p.impl.SocketProtocolListener Finished processing request 668b9b84-05aa-421b-b9f3-f0ce7bea1c77 (type=HEARTBEAT, length=3071 bytes) from mynifi:8080 in 1 millis
2022-11-13 19:58:18,606 INFO [Clustering Tasks Thread-1] o.a.n.c.c.ClusterProtocolHeartbeater Heartbeat created at 2022-11-13 19:58:18,598 and sent to mynifi:8082 at 2022-11-13 19:58:18,606; send took 7 millis
2022-11-13 19:58:22,709 INFO [Heartbeat Monitor Thread-1] o.a.n.c.c.h.AbstractHeartbeatMonitor Finished processing 1 heartbeats in 16900 nanos
2022-11-13 19:58:23,620 INFO [Process Cluster Protocol Request-3] o.a.n.c.p.impl.SocketProtocolListener Finished processing request 9ac79039-23eb-47b4-9c18-91a6f9478132 (type=HEARTBEAT, length=3071 bytes) from mynifi:8080 in 3 millis
2022-11-13 19:58:23,623 INFO [Clustering Tasks Thread-1] o.a.n.c.c.ClusterProtocolHeartbeater Heartbeat created at 2022-11-13 19:58:23,609 and sent to mynifi:8082 at 2022-11-13 19:58:23,623; send took 13 millis
2022-11-13 19:58:26,145 INFO [pool-13-thread-1] o.a.n.c.r.WriteAheadFlowFileRepository Initiating checkpoint of FlowFile Repository
2022-11-13 19:58:26,148 INFO [pool-13-thread-1] o.a.n.c.r.WriteAheadFlowFileRepository Successfully checkpointed FlowFile Repository with 0 records in 0 milliseconds
2022-11-13 19:58:27,712 INFO [Heartbeat Monitor Thread-1] o.a.n.c.c.h.AbstractHeartbeatMonitor Finished processing 1 heartbeats in 20500 nanos
2022-11-13 19:58:28,639 INFO [Process Cluster Protocol Request-4] o.a.n.c.p.impl.SocketProtocolListener Finished processing request f58f7aaa-2501-4fee-98f3-8909703f1eee (type=HEARTBEAT, length=3071 bytes) from mynifi:8080 in 6 millis
2022-11-13 19:58:28,642 INFO [Clustering Tasks Thread-1] o.a.n.c.c.ClusterProtocolHeartbeater Heartbeat created at 2022-11-13 19:58:28,626 and sent to mynifi:8082 at 2022-11-13 19:58:28,642; send took 15 millis
2022-11-13 19:58:32,715 INFO [Heartbeat Monitor Thread-1] o.a.n.c.c.h.AbstractHeartbeatMonitor Finished processing 1 heartbeats in 12600 nanos
2022-11-13 19:58:33,181 INFO [Cleanup Archive for default] o.a.n.c.repository.FileSystemRepository Successfully deleted 0 files (0 bytes) from archive
2022-11-13 19:58:33,657 INFO [Process Cluster Protocol Request-5] o.a.n.c.p.impl.SocketProtocolListener Finished processing request 61444be3-4581-436f-8e02-bc0de903bb1d (type=HEARTBEAT, length=3071 bytes) from mynifi:8080 in 4 millis
2022-11-13 19:58:33,661 INFO [Clustering Tasks Thread-1] o.a.n.c.c.ClusterProtocolHeartbeater Heartbeat created at 2022-11-13 19:58:33,645 and sent to mynifi:8082 at 2022-11-13 19:58:33,661; send took 15 millis
2022-11-13 19:58:37,718 INFO [Heartbeat Monitor Thread-1] o.a.n.c.c.h.AbstractHeartbeatMonitor Finished processing 1 heartbeats in 16800 nanos
2022-11-13 19:58:38,673 INFO [Process Cluster Protocol Request-6] o.a.n.c.p.impl.SocketProtocolListener Finished processing request 0861bed5-4e56-4cc1-8427-00a2c56834fc (type=HEARTBEAT, length=3071 bytes) from mynifi:8080 in 2 millis
2022-11-13 19:58:38,675 INFO [Clustering Tasks Thread-1] o.a.n.c.c.ClusterProtocolHeartbeater Heartbeat created at 2022-11-13 19:58:38,662 and sent to mynifi:8082 at 2022-11-13 19:58:38,675; send took 12 millis
2022-11-13 19:58:42,721 INFO [Heartbeat Monitor Thread-1] o.a.n.c.c.h.AbstractHeartbeatMonitor Finished processing 1 heartbeats in 11000 nanos
2022-11-13 19:58:43,686 INFO [Process Cluster Protocol Request-8] o.a.n.c.p.impl.SocketProtocolListener Finished processing request 3794e2ee-1813-4a6c-86f6-d53d3ab1ae6d (type=HEARTBEAT, length=3071 bytes) from mynifi:8080 in 2 millis
2022-11-13 19:58:43,688 INFO [Clustering Tasks Thread-1] o.a.n.c.c.ClusterProtocolHeartbeater Heartbeat created at 2022-11-13 19:58:43,678 and sent to mynifi:8082 at 2022-11-13 19:58:43,688; send took 9 millis
2022-11-13 19:58:46,151 INFO [pool-13-thread-1] o.a.n.c.r.WriteAheadFlowFileRepository Initiating checkpoint of FlowFile Repository
2022-11-13 19:58:46,153 INFO [pool-13-thread-1] o.a.n.c.r.WriteAheadFlowFileRepository Successfully checkpointed FlowFile Repository with 0 records in 0 milliseconds
2022-11-13 19:58:47,723 INFO [Heartbeat Monitor Thread-1] o.a.n.c.c.h.AbstractHeartbeatMonitor Finished processing 1 heartbeats in 9600 nanos
2022-11-13 19:58:48,702 INFO [Process Cluster Protocol Request-9] o.a.n.c.p.impl.SocketProtocolListener Finished processing request 429769c0-bf98-4809-9dfb-ea10a0937c65 (type=HEARTBEAT, length=3071 bytes) from mynifi:8080 in 3 millis
2022-11-13 19:58:48,704 INFO [Clustering Tasks Thread-1] o.a.n.c.c.ClusterProtocolHeartbeater Heartbeat created at 2022-11-13 19:58:48,690 and sent to mynifi:8082 at 2022-11-13 19:58:48,704; send took 13 millis
2022-11-13 19:58:52,731 INFO [Heartbeat Monitor Thread-1] o.a.n.c.c.h.AbstractHeartbeatMonitor Finished processing 1 heartbeats in 20700 nanos
2022-11-13 19:58:53,718 INFO [Process Cluster Protocol Request-10] o.a.n.c.p.impl.SocketProtocolListener Finished processing request da3ee2be-8197-436c-afd9-7171d16d9646 (type=HEARTBEAT, length=3071 bytes) from mynifi:8080 in 3 millis
2022-11-13 19:58:53,721 INFO [Clustering Tasks Thread-1] o.a.n.c.c.ClusterProtocolHeartbeater Heartbeat created at 2022-11-13 19:58:53,707 and sent to mynifi:8082 at 2022-11-13 19:58:53,721; send took 13 millis
2022-11-13 19:58:57,734 INFO [Heartbeat Monitor Thread-1] o.a.n.c.c.h.AbstractHeartbeatMonitor Finished processing 1 heartbeats in 16600 nanos
2022-11-13 19:58:58,745 INFO [Process Cluster Protocol Request-7] o.a.n.c.p.impl.SocketProtocolListener Finished processing request 094ba936-14c0-4495-8449-56d44dd27a94 (type=HEARTBEAT, length=3071 bytes) from mynifi:8080 in 3 millis
2022-11-13 19:58:58,747 INFO [Clustering Tasks Thread-1] o.a.n.c.c.ClusterProtocolHeartbeater Heartbeat created at 2022-11-13 19:58:58,735 and sent to mynifi:8082 at 2022-11-13 19:58:58,747; send took 12 millis
2022-11-13 19:59:02,736 INFO [Heartbeat Monitor Thread-1] o.a.n.c.c.h.AbstractHeartbeatMonitor Finished processing 1 heartbeats in 15500 nanos
2022-11-13 19:59:03,761 INFO [Process Cluster Protocol Request-1] o.a.n.c.p.impl.SocketProtocolListener Finished processing request 0e8b6ffd-f93f-40fa-a2c8-1d211eb2d151 (type=HEARTBEAT, length=3071 bytes) from mynifi:8080 in 3 millis
2022-11-13 19:59:03,764 INFO [Clustering Tasks Thread-1] o.a.n.c.c.ClusterProtocolHeartbeater Heartbeat created at 2022-11-13 19:59:03,750 and sent to mynifi:8082 at 2022-11-13 19:59:03,764; send took 13 millis
2022-11-13 19:59:06,154 INFO [pool-13-thread-1] o.a.n.c.r.WriteAheadFlowFileRepository Initiating checkpoint of FlowFile Repository
2022-11-13 19:59:06,157 INFO [pool-13-thread-1] o.a.n.c.r.WriteAheadFlowFileRepository Successfully checkpointed FlowFile Repository with 0 records in 0 milliseconds
2022-11-13 19:59:07,739 INFO [Heartbeat Monitor Thread-1] o.a.n.c.c.h.AbstractHeartbeatMonitor Finished processing 1 heartbeats in 15400 nanos
2022-11-13 19:59:08,776 INFO [Process Cluster Protocol Request-2] o.a.n.c.p.impl.SocketProtocolListener Finished processing request bd0d07f0-be11-48e7-aaa6-c2de77886faf (type=HEARTBEAT, length=3071 bytes) from mynifi:8080 in 2 millis
2022-11-13 19:59:08,780 INFO [Clustering Tasks Thread-1] o.a.n.c.c.ClusterProtocolHeartbeater Heartbeat created at 2022-11-13 19:59:08,767 and sent to mynifi:8082 at 2022-11-13 19:59:08,780; send took 11 millis
2022-11-13 19:59:12,742 INFO [Heartbeat Monitor Thread-1] o.a.n.c.c.h.AbstractHeartbeatMonitor Finished processing 1 heartbeats in 17500 nanos
2022-11-13 19:59:13,793 INFO [Process Cluster Protocol Request-3] o.a.n.c.p.impl.SocketProtocolListener Finished processing request 3a4f2ef8-85b8-4a9e-a94f-59e035440449 (type=HEARTBEAT, length=3071 bytes) from mynifi:8080 in 3 millis
2022-11-13 19:59:13,795 INFO [Clustering Tasks Thread-1] o.a.n.c.c.ClusterProtocolHeartbeater Heartbeat created at 2022-11-13 19:59:13,782 and sent to mynifi:8082 at 2022-11-13 19:59:13,795; send took 12 millis
2022-11-13 19:59:17,745 INFO [Heartbeat Monitor Thread-1] o.a.n.c.c.h.AbstractHeartbeatMonitor Finished processing 1 heartbeats in 17000 nanos
2022-11-13 19:59:18,808 INFO [Process Cluster Protocol Request-4] o.a.n.c.p.impl.SocketProtocolListener Finished processing request cef85acb-059f-4d51-a1c1-3159f8973e53 (type=HEARTBEAT, length=3071 bytes) from mynifi:8080 in 2 millis
2022-11-13 19:59:18,810 INFO [Clustering Tasks Thread-1] o.a.n.c.c.ClusterProtocolHeartbeater Heartbeat created at 2022-11-13 19:59:18,799 and sent to mynifi:8082 at 2022-11-13 19:59:18,810; send took 11 millis
2022-11-13 19:59:22,748 INFO [Heartbeat Monitor Thread-1] o.a.n.c.c.h.AbstractHeartbeatMonitor Finished processing 1 heartbeats in 16200 nanos
2022-11-13 19:59:23,824 INFO [Process Cluster Protocol Request-5] o.a.n.c.p.impl.SocketProtocolListener Finished processing request f9f7a5d0-7ca5-4a09-b546-f5ee3509190c (type=HEARTBEAT, length=3071 bytes) from mynifi:8080 in 3 millis
2022-11-13 19:59:23,827 INFO [Clustering Tasks Thread-1] o.a.n.c.c.ClusterProtocolHeartbeater Heartbeat created at 2022-11-13 19:59:23,814 and sent to mynifi:8082 at 2022-11-13 19:59:23,827; send took 12 millis
2022-11-13 19:59:26,158 INFO [pool-13-thread-1] o.a.n.c.r.WriteAheadFlowFileRepository Initiating checkpoint of FlowFile Repository
2022-11-13 19:59:26,161 INFO [pool-13-thread-1] o.a.n.c.r.WriteAheadFlowFileRepository Successfully checkpointed FlowFile Repository with 0 records in 0 milliseconds
2022-11-13 19:59:27,751 INFO [Heartbeat Monitor Thread-1] o.a.n.c.c.h.AbstractHeartbeatMonitor Finished processing 1 heartbeats in 18900 nanos
2022-11-13 19:59:28,840 INFO [Process Cluster Protocol Request-6] o.a.n.c.p.impl.SocketProtocolListener Finished processing request 54f01b62-2416-46d2-8544-e13a0565ff44 (type=HEARTBEAT, length=3071 bytes) from mynifi:8080 in 3 millis
2022-11-13 19:59:28,842 INFO [Clustering Tasks Thread-1] o.a.n.c.c.ClusterProtocolHeartbeater Heartbeat created at 2022-11-13 19:59:28,830 and sent to mynifi:8082 at 2022-11-13 19:59:28,842; send took 12 millis
2022-11-13 19:59:32,753 INFO [Heartbeat Monitor Thread-1] o.a.n.c.c.h.AbstractHeartbeatMonitor Finished processing 1 heartbeats in 17400 nanos
2022-11-13 19:59:33,856 INFO [Process Cluster Protocol Request-8] o.a.n.c.p.impl.SocketProtocolListener Finished processing request 2cfcbf24-aa6c-48e7-9cde-f2a3185a03fb (type=HEARTBEAT, length=3071 bytes) from mynifi:8080 in 3 millis
2022-11-13 19:59:33,858 INFO [Clustering Tasks Thread-1] o.a.n.c.c.ClusterProtocolHeartbeater Heartbeat created at 2022-11-13 19:59:33,847 and sent to mynifi:8082 at 2022-11-13 19:59:33,858; send took 11 millis
2022-11-13 19:59:34,945 INFO [Cleanup Archive for default] o.a.n.c.repository.FileSystemRepository Successfully deleted 0 files (0 bytes) from archive
2022-11-13 19:59:37,756 INFO [Heartbeat Monitor Thread-1] o.a.n.c.c.h.AbstractHeartbeatMonitor Finished processing 1 heartbeats in 7700 nanos
2022-11-13 19:59:38,865 INFO [Process Cluster Protocol Request-9] o.a.n.c.p.impl.SocketProtocolListener Finished processing request 085d699e-6f16-41b1-9369-08e62c953882 (type=HEARTBEAT, length=3071 bytes) from mynifi:8080 in 1 millis
2022-11-13 19:59:38,866 INFO [Clustering Tasks Thread-1] o.a.n.c.c.ClusterProtocolHeartbeater Heartbeat created at 2022-11-13 19:59:38,861 and sent to mynifi:8082 at 2022-11-13 19:59:38,866; send took 4 millis
2022-11-13 19:59:42,758 INFO [Heartbeat Monitor Thread-1] o.a.n.c.c.h.AbstractHeartbeatMonitor Finished processing 1 heartbeats in 25300 nanos
2022-11-13 19:59:43,880 INFO [Process Cluster Protocol Request-10] o.a.n.c.p.impl.SocketProtocolListener Finished processing request a0d794cb-67d6-4b5d-90e1-ebcedafe520c (type=HEARTBEAT, length=3071 bytes) from mynifi:8080 in 4 millis
2022-11-13 19:59:43,882 INFO [Clustering Tasks Thread-1] o.a.n.c.c.ClusterProtocolHeartbeater Heartbeat created at 2022-11-13 19:59:43,867 and sent to mynifi:8082 at 2022-11-13 19:59:43,882; send took 14 millis
2022-11-13 19:59:46,162 INFO [pool-13-thread-1] o.a.n.c.r.WriteAheadFlowFileRepository Initiating checkpoint of FlowFile Repository
2022-11-13 19:59:46,163 INFO [pool-13-thread-1] o.a.n.c.r.WriteAheadFlowFileRepository Successfully checkpointed FlowFile Repository with 0 records in 0 milliseconds
2022-11-13 19:59:47,762 INFO [Heartbeat Monitor Thread-1] o.a.n.c.c.h.AbstractHeartbeatMonitor Finished processing 1 heartbeats in 14800 nanos
2022-11-13 19:59:48,896 INFO [Process Cluster Protocol Request-7] o.a.n.c.p.impl.SocketProtocolListener Finished processing request 23b4c1c9-82a6-47ec-a0d0-5eb92b7003a2 (type=HEARTBEAT, length=3071 bytes) from mynifi:8080 in 3 millis
2022-11-13 19:59:48,899 INFO [Clustering Tasks Thread-1] o.a.n.c.c.ClusterProtocolHeartbeater Heartbeat created at 2022-11-13 19:59:48,885 and sent to mynifi:8082 at 2022-11-13 19:59:48,899; send took 13 millis
2022-11-13 19:59:52,700 INFO [Write-Ahead Local State Provider Maintenance] org.wali.MinimalLockingWriteAheadLog org.wali.MinimalLockingWriteAheadLog@25589735 checkpointed with 2 Records and 0 Swap Files in 702 milliseconds (Stop-the-world time = 241 milliseconds, Clear Edit Logs time = 413 millis), max Transaction ID 8
2022-11-13 19:59:52,764 INFO [Heartbeat Monitor Thread-1] o.a.n.c.c.h.AbstractHeartbeatMonitor Finished processing 1 heartbeats in 11100 nanos
2022-11-13 19:59:53,911 INFO [Process Cluster Protocol Request-1] o.a.n.c.p.impl.SocketProtocolListener Finished processing request f6db16df-6644-48ba-890c-97a5032fe770 (type=HEARTBEAT, length=3071 bytes) from mynifi:8080 in 3 millis
2022-11-13 19:59:53,913 INFO [Clustering Tasks Thread-1] o.a.n.c.c.ClusterProtocolHeartbeater Heartbeat created at 2022-11-13 19:59:53,901 and sent to mynifi:8082 at 2022-11-13 19:59:53,913; send took 11 millis
2022-11-13 19:59:57,766 INFO [Heartbeat Monitor Thread-1] o.a.n.c.c.h.AbstractHeartbeatMonitor Finished processing 1 heartbeats in 17000 nanos
2022-11-13 19:59:58,950 INFO [Process Cluster Protocol Request-2] o.a.n.c.p.impl.SocketProtocolListener Finished processing request a881eafb-2468-4119-bdd7-febebb8d651f (type=HEARTBEAT, length=3071 bytes) from mynifi:8080 in 32 millis
2022-11-13 19:59:58,952 INFO [Clustering Tasks Thread-1] o.a.n.c.c.ClusterProtocolHeartbeater Heartbeat created at 2022-11-13 19:59:58,915 and sent to mynifi:8082 at 2022-11-13 19:59:58,952; send took 37 millis
